SF:src/Pioneer.jl
LH:0
LF:0
end_of_record
SF:src/Routines/BuildSpecLib/build/build_poin_lib.jl
DA:65,3
DA:85,3
DA:86,3
DA:87,3
DA:88,3
DA:89,3
DA:91,0
DA:92,0
DA:93,0
DA:97,3
DA:98,3
DA:125,3
DA:128,1105
DA:129,3
DA:136,3
DA:137,1051
DA:138,3
DA:145,3
DA:146,3
DA:148,3
DA:149,3
DA:180,3
DA:185,3
DA:190,3
DA:258,1
DA:278,1
DA:279,1
DA:280,1
DA:281,1
DA:282,1
DA:284,0
DA:285,0
DA:289,1
DA:290,1
DA:317,1
DA:320,7
DA:321,1
DA:328,1
DA:329,7
DA:330,1
DA:337,1
DA:338,1
DA:340,1
DA:341,1
DA:373,1
DA:378,1
DA:383,1
DA:403,1
DA:404,1
DA:405,1
DA:406,3
DA:407,3
DA:408,3
DA:410,3
DA:463,795
DA:486,795
DA:487,795
DA:488,2
DA:490,793
DA:491,429
DA:492,207
DA:495,586
DA:496,360
DA:497,72
DA:500,514
DA:501,1
DA:502,1
DA:505,513
DA:506,1
DA:507,1
DA:510,512
DA:511,1
DA:512,1
DA:515,511
DA:516,1
DA:517,1
DA:520,510
DA:521,457
DA:522,1
DA:525,509
DA:526,1
DA:528,508
DA:590,7
DA:616,7
DA:617,0
DA:620,7
DA:622,7
DA:623,14
DA:624,7
DA:625,7
DA:626,69
DA:627,69
DA:628,69
DA:629,69
DA:630,478
DA:651,111
DA:653,128
DA:654,128
DA:662,128
DA:663,128
DA:664,17
DA:666,392
DA:668,131
DA:669,7
DA:706,36
DA:714,36
DA:722,18
DA:723,18
DA:724,18
DA:725,18
DA:728,18
DA:729,325
DA:730,325
DA:734,325
DA:735,23
DA:736,23
DA:738,601
DA:741,23
DA:742,23
DA:748,23
DA:753,23
DA:755,23
DA:756,23
DA:758,632
DA:762,18
DA:763,18
DA:764,1699
DA:767,18
DA:768,18
DA:774,18
DA:778,18
DA:780,0
DA:782,0
DA:789,0
DA:793,0
DA:796,18
DA:799,59
DA:806,41
DA:807,41
DA:808,41
DA:809,325
DA:810,325
DA:811,325
DA:813,325
DA:814,325
DA:815,325
DA:816,216
DA:817,216
DA:818,332
DA:820,216
DA:825,216
DA:826,216
DA:827,273
DA:833,330
DA:834,216
DA:835,216
DA:837,609
DA:840,41
DA:841,7
DA:842,31
DA:844,7
DA:849,7
DA:850,7
DA:851,18
DA:857,29
DA:859,34
DA:864,34
DA:865,34
DA:872,41
DA:875,821
DA:878,36
DA:879,36
DA:880,36
DA:881,18
DA:882,18
DA:889,18
DA:890,18
DA:891,18
DA:892,18
DA:893,18
DA:894,0
DA:896,18
DA:897,18
DA:898,18
DA:900,18
DA:972,6
DA:1002,6
DA:1003,0
DA:1007,6
DA:1009,6
DA:1011,6
DA:1012,6
DA:1013,6
DA:1014,67
DA:1015,67
DA:1016,67
DA:1018,67
DA:1020,257
DA:1021,2
DA:1023,510
DA:1044,80
DA:1047,175
DA:1048,175
DA:1049,175
DA:1050,1
DA:1052,256
DA:1053,67
DA:1054,12
DA:1057,12
DA:1058,6
DA:1059,6
DA:1060,6
DA:1061,67
DA:1063,67
DA:1064,67
DA:1065,67
DA:1066,67
DA:1067,514
DA:1088,80
DA:1090,177
DA:1091,2
DA:1093,175
DA:1094,175
DA:1095,175
DA:1113,175
DA:1114,175
DA:1115,175
DA:1116,1
DA:1118,256
DA:1120,67
DA:1121,6
DA:1122,6
DA:1199,4
DA:1230,4
DA:1231,0
DA:1235,4
DA:1237,4
DA:1239,4
DA:1240,4
DA:1241,4
DA:1242,8
DA:1243,8
DA:1244,8
DA:1246,8
DA:1248,32
DA:1269,3
DA:1272,13
DA:1273,13
DA:1274,13
DA:1275,0
DA:1277,16
DA:1278,8
DA:1279,5
DA:1280,5
DA:1281,5
DA:1282,7
DA:1285,8
DA:1286,4
DA:1287,4
DA:1288,4
DA:1289,8
DA:1291,8
DA:1292,8
DA:1293,8
DA:1294,8
DA:1295,32
DA:1316,3
DA:1318,13
DA:1319,13
DA:1320,13
DA:1338,13
DA:1339,13
DA:1340,13
DA:1341,0
DA:1343,16
DA:1345,8
DA:1346,4
DA:1347,4
LH:263
LF:278
end_of_record
SF:src/Routines/BuildSpecLib/chronologer/chronologer_parse.jl
DA:26,0
DA:35,0
DA:38,0
DA:39,0
DA:40,0
DA:41,0
DA:43,0
DA:44,0
DA:45,0
DA:46,0
DA:47,0
DA:49,0
DA:50,0
DA:53,0
DA:56,0
DA:57,0
DA:58,0
DA:59,0
DA:60,0
DA:63,0
DA:65,0
DA:71,0
DA:72,0
DA:73,0
DA:74,0
DA:77,0
DA:78,0
DA:79,0
DA:84,0
DA:87,0
DA:103,0
DA:104,0
DA:105,0
DA:108,0
DA:109,0
DA:112,0
DA:113,0
DA:114,0
DA:115,0
DA:116,0
DA:117,0
DA:118,0
DA:119,0
DA:121,0
DA:122,0
DA:125,0
DA:126,0
DA:128,0
LH:0
LF:48
end_of_record
SF:src/Routines/BuildSpecLib/chronologer/chronologer_predict.jl
DA:20,0
DA:22,0
DA:23,0
DA:24,0
DA:25,0
DA:26,0
DA:27,0
DA:29,0
DA:30,0
DA:40,0
DA:41,0
DA:44,0
DA:51,0
DA:57,0
DA:58,0
DA:59,0
DA:60,0
DA:61,0
DA:63,0
DA:69,0
DA:71,0
DA:74,0
DA:75,0
DA:76,0
DA:79,0
DA:81,0
DA:84,0
DA:85,0
DA:88,0
DA:91,0
DA:97,0
DA:101,0
DA:102,0
DA:103,0
DA:104,0
DA:105,0
DA:106,0
DA:107,0
DA:108,0
DA:109,0
LH:0
LF:40
end_of_record
SF:src/Routines/BuildSpecLib/chronologer/chronologer_prep.jl
DA:19,4
DA:20,4
DA:64,0
DA:72,0
DA:79,0
DA:80,0
DA:83,0
DA:84,0
DA:85,0
DA:86,0
DA:87,0
DA:88,0
DA:89,0
DA:92,0
DA:93,0
DA:94,0
DA:95,0
DA:96,0
DA:97,0
DA:98,0
DA:99,0
DA:102,0
DA:105,0
DA:106,0
DA:107,0
DA:117,0
DA:119,0
DA:121,0
DA:126,0
DA:132,0
DA:139,0
DA:142,0
DA:150,0
DA:158,0
DA:159,0
DA:160,0
DA:162,0
DA:163,0
DA:164,0
DA:167,0
DA:169,0
DA:170,0
DA:171,0
DA:173,0
DA:174,0
DA:180,0
DA:182,0
DA:185,0
DA:187,0
DA:216,0
DA:223,0
DA:224,0
DA:225,0
DA:228,0
DA:229,0
DA:230,0
DA:235,0
DA:238,0
DA:240,0
DA:242,0
DA:244,0
DA:250,0
DA:251,0
DA:265,0
DA:266,0
DA:267,0
DA:291,0
DA:296,0
DA:297,0
DA:298,0
DA:299,0
DA:300,0
DA:301,0
DA:315,0
DA:316,0
DA:317,0
DA:318,0
DA:345,5
DA:346,5
DA:349,5
DA:350,5
DA:351,78
DA:352,78
DA:353,53
DA:355,25
DA:357,151
DA:360,78
DA:362,5
DA:363,78
DA:364,78
DA:367,78
DA:369,50
DA:370,50
DA:373,151
DA:376,5
DA:378,5
DA:411,0
DA:419,0
DA:424,0
DA:425,0
DA:426,0
DA:427,0
DA:428,0
DA:430,0
DA:431,0
DA:432,0
DA:433,0
DA:434,0
DA:435,0
DA:436,0
DA:438,0
DA:439,0
DA:440,0
DA:441,0
DA:442,0
DA:444,0
DA:447,0
DA:448,0
DA:450,0
DA:453,0
DA:456,0
DA:457,0
DA:458,0
DA:459,0
DA:460,0
DA:461,0
DA:462,0
DA:463,0
DA:464,0
DA:465,0
DA:466,0
DA:467,0
DA:468,0
DA:469,0
DA:471,0
DA:472,0
DA:473,0
DA:474,0
DA:475,0
DA:476,0
DA:478,0
DA:479,0
DA:480,0
DA:481,0
DA:482,0
DA:483,0
DA:484,0
DA:485,0
DA:486,0
DA:487,0
DA:488,0
DA:489,0
DA:490,0
DA:492,0
DA:506,0
DA:512,0
LH:21
LF:156
end_of_record
SF:src/Routines/BuildSpecLib/chronologer/pair_decoys.jl
LH:0
LF:0
end_of_record
SF:src/Routines/BuildSpecLib/fasta/fasta_digest.jl
DA:35,13
DA:41,64
DA:50,51
DA:51,65
DA:52,65
DA:55,43
DA:57,79
DA:59,51
DA:60,18
DA:61,18
DA:62,51
DA:63,51
DA:66,13
DA:67,17
DA:68,13
DA:69,13
DA:71,24
DA:72,38
DA:75,65
DA:78,13
DA:82,13
DA:138,4
DA:145,2
DA:146,2
DA:147,2
DA:148,2
DA:149,4
DA:153,15
DA:154,5
DA:157,10
DA:170,10
DA:171,10
DA:172,15
DA:173,4
DA:175,2
LH:35
LF:35
end_of_record
SF:src/Routines/BuildSpecLib/fasta/fasta_parser.jl
DA:37,3
DA:42,7
DA:43,4
DA:44,2
DA:46,2
DA:50,6
DA:51,3
DA:52,1
DA:53,2
DA:54,1
DA:56,1
DA:60,3
DA:61,2
DA:63,2
DA:64,4
DA:77,4
DA:79,2
LH:17
LF:17
end_of_record
SF:src/Routines/BuildSpecLib/fasta/fasta_utils.jl
DA:38,5
DA:39,5
DA:41,4
DA:42,4
DA:44,4
DA:45,9
DA:46,9
DA:47,4
DA:51,22
DA:54,22
DA:56,22
DA:57,22
DA:61,17
DA:63,17
DA:95,12
DA:97,12
DA:98,2
DA:101,10
DA:102,10
DA:105,20
DA:106,10
DA:107,10
DA:108,76
DA:109,152
DA:110,142
DA:113,10
DA:114,20
DA:115,10
DA:116,10
DA:117,76
DA:118,76
DA:119,76
DA:120,10
DA:122,10
DA:168,4
DA:175,4
DA:181,2
DA:185,2
DA:186,2
DA:187,2
DA:188,4
DA:189,4
DA:191,4
DA:192,2
DA:193,2
DA:194,4
DA:195,8
DA:197,8
DA:198,8
DA:200,8
DA:201,8
DA:214,8
DA:215,8
DA:216,8
DA:217,8
DA:219,0
DA:220,0
DA:222,8
DA:223,0
DA:225,12
DA:226,4
DA:228,2
DA:234,0
DA:235,0
DA:236,0
DA:239,0
DA:240,0
DA:241,0
DA:242,0
DA:243,0
DA:244,0
DA:247,0
DA:251,0
DA:252,0
DA:253,0
DA:254,0
DA:257,0
DA:258,0
DA:259,0
DA:260,0
DA:261,0
DA:262,0
DA:263,0
DA:264,0
DA:266,0
DA:269,4
DA:275,4
DA:276,4
DA:280,0
DA:284,0
DA:285,0
DA:286,0
DA:287,0
DA:288,0
DA:290,0
DA:292,0
DA:293,0
DA:294,0
DA:295,0
DA:298,0
DA:300,0
DA:301,0
DA:303,0
DA:306,0
DA:307,0
DA:310,0
DA:313,0
DA:314,0
DA:315,0
DA:356,2
DA:358,2
DA:361,1
DA:364,1
DA:366,1
DA:367,1
DA:368,2
DA:369,2
DA:370,2
DA:373,2
DA:374,19
DA:375,36
DA:378,2
DA:379,17
DA:380,32
DA:383,4
DA:385,2
DA:388,2
DA:390,0
DA:391,0
DA:392,0
DA:394,0
DA:396,0
DA:398,0
DA:399,0
DA:401,0
DA:404,0
DA:405,0
DA:406,0
DA:407,0
DA:410,2
DA:411,0
DA:414,2
DA:420,2
DA:427,2
DA:441,2
DA:442,2
DA:444,2
DA:446,13
DA:489,1
DA:490,1
DA:491,1
DA:492,1
DA:493,1
DA:494,4
DA:495,4
DA:496,4
DA:497,2
DA:498,2
DA:499,4
DA:500,4
DA:501,4
DA:502,2
DA:515,2
DA:516,2
DA:518,4
DA:519,2
DA:520,1
DA:521,2
DA:522,2
DA:523,2
DA:524,3
DA:526,1
LH:112
LF:172
end_of_record
SF:src/Routines/BuildSpecLib/fragments/fragment_annotation.jl
DA:38,0
DA:39,0
DA:41,0
DA:42,0
DA:44,0
DA:46,0
DA:48,0
DA:50,0
DA:69,0
DA:71,0
DA:74,0
DA:75,0
DA:78,0
DA:80,0
DA:81,0
DA:83,0
DA:106,0
DA:108,0
DA:111,0
DA:144,0
DA:148,0
DA:150,0
DA:151,0
DA:152,0
DA:153,0
DA:154,0
DA:155,0
DA:164,0
DA:165,0
DA:167,0
DA:168,0
DA:170,0
DA:171,0
DA:172,0
DA:175,0
DA:176,0
DA:177,0
DA:180,0
DA:181,0
DA:182,0
DA:183,0
DA:186,0
DA:188,0
DA:190,0
DA:202,0
DA:206,0
DA:208,0
DA:209,0
DA:210,0
DA:211,0
DA:212,0
DA:213,0
DA:222,0
DA:223,0
DA:225,0
DA:226,0
DA:227,0
DA:228,0
DA:230,0
DA:232,0
DA:251,0
DA:252,0
DA:253,0
DA:255,0
DA:256,0
DA:257,0
DA:287,0
DA:289,0
DA:290,0
DA:291,0
DA:292,0
DA:293,0
DA:295,0
DA:299,0
DA:303,0
DA:305,0
DA:352,0
DA:353,0
DA:354,0
DA:355,0
DA:356,0
DA:357,0
DA:358,0
DA:359,0
DA:360,0
DA:361,0
DA:365,0
DA:366,0
DA:367,0
DA:368,0
DA:369,0
DA:370,0
DA:371,0
DA:374,0
LH:0
LF:94
end_of_record
SF:src/Routines/BuildSpecLib/fragments/fragment_index.jl
LH:0
LF:0
end_of_record
SF:src/Routines/BuildSpecLib/fragments/fragment_parse.jl
DA:21,0
DA:25,0
DA:26,0
DA:27,0
DA:28,0
DA:29,0
DA:31,0
DA:62,0
DA:65,0
DA:67,0
DA:68,0
DA:69,0
DA:70,0
DA:71,0
DA:73,0
DA:74,0
DA:101,0
DA:104,0
DA:105,0
DA:112,0
DA:136,0
DA:140,0
DA:141,0
DA:142,0
DA:143,0
DA:145,0
DA:147,0
DA:148,0
DA:149,0
DA:150,0
DA:151,0
DA:153,0
DA:182,0
DA:186,0
DA:187,0
DA:188,0
DA:189,0
DA:190,0
DA:191,0
DA:193,0
DA:194,0
DA:195,0
DA:196,0
DA:197,0
DA:198,0
DA:200,0
DA:201,0
DA:205,0
DA:209,0
DA:210,0
DA:211,0
DA:212,0
DA:214,0
DA:215,0
DA:219,244
DA:221,244
DA:222,114
DA:223,130
DA:224,0
DA:227,130
DA:231,0
DA:232,0
DA:233,0
DA:234,0
DA:235,0
DA:236,0
DA:262,0
DA:263,0
DA:264,0
DA:265,0
DA:267,0
DA:291,0
DA:294,0
DA:295,0
DA:296,0
DA:297,0
DA:298,0
DA:299,0
DA:302,0
DA:323,0
DA:337,0
DA:338,0
DA:341,0
DA:342,0
DA:345,0
DA:348,0
DA:349,0
DA:350,0
DA:352,0
DA:353,0
DA:357,0
DA:359,0
DA:360,0
DA:362,0
DA:364,0
DA:365,0
DA:379,0
DA:380,0
DA:383,0
DA:388,0
DA:389,0
DA:390,0
DA:396,0
DA:408,0
DA:409,0
DA:411,0
DA:413,0
DA:414,0
DA:428,0
DA:429,0
DA:432,0
DA:441,0
DA:456,0
DA:457,0
DA:458,0
DA:460,0
DA:461,0
DA:462,0
DA:463,0
DA:464,0
DA:465,0
DA:467,0
DA:468,0
DA:470,0
DA:471,0
DA:473,0
DA:474,0
DA:475,0
DA:478,0
DA:479,0
DA:480,0
DA:483,0
DA:497,0
DA:498,0
DA:500,0
DA:506,0
DA:520,0
DA:521,0
DA:522,0
DA:524,0
DA:525,0
DA:526,0
DA:527,0
DA:528,0
DA:529,0
DA:531,0
DA:532,0
DA:534,0
DA:535,0
DA:537,0
DA:538,0
DA:539,0
DA:542,0
DA:543,0
DA:546,0
DA:547,0
DA:548,0
DA:551,0
DA:564,0
DA:565,0
DA:567,0
DA:577,0
DA:590,0
DA:591,0
DA:592,0
DA:593,0
DA:594,0
DA:595,0
DA:597,0
DA:599,0
DA:600,0
DA:601,0
DA:604,0
DA:605,0
DA:606,0
DA:609,0
DA:610,0
DA:613,0
DA:621,0
DA:622,0
DA:628,0
DA:629,0
DA:630,0
DA:634,0
DA:635,0
DA:638,0
DA:639,0
DA:641,0
DA:645,0
DA:648,0
DA:649,0
DA:652,0
DA:659,0
DA:661,0
DA:662,0
DA:663,0
DA:664,0
DA:668,0
DA:670,0
DA:671,0
DA:672,0
DA:673,0
DA:677,0
DA:680,0
DA:688,0
DA:717,0
DA:725,0
DA:737,0
DA:738,0
DA:741,0
DA:742,0
DA:743,0
DA:744,0
DA:746,0
DA:747,0
DA:748,0
DA:749,0
DA:752,0
DA:753,0
DA:754,0
DA:755,0
DA:756,0
DA:757,0
DA:760,0
DA:761,0
DA:764,0
DA:772,0
DA:773,0
DA:780,0
DA:781,0
DA:782,0
DA:791,0
DA:794,0
DA:795,0
DA:796,0
DA:799,0
DA:806,0
DA:807,0
DA:808,0
DA:809,0
DA:810,0
DA:822,0
DA:825,0
DA:833,0
DA:861,0
DA:865,0
DA:878,0
DA:879,0
DA:882,0
DA:883,0
DA:886,0
DA:889,0
DA:890,0
DA:891,0
DA:893,0
DA:894,0
DA:898,0
DA:900,0
DA:901,0
DA:903,0
DA:905,0
DA:906,0
DA:919,0
DA:920,0
DA:923,0
DA:928,0
DA:929,0
DA:930,0
LH:5
LF:268
end_of_record
SF:src/Routines/BuildSpecLib/fragments/fragment_predict.jl
DA:17,0
DA:28,0
DA:29,0
DA:33,0
DA:36,0
DA:37,0
DA:38,0
DA:39,0
DA:41,0
DA:43,0
DA:44,0
DA:45,0
DA:48,0
DA:59,0
DA:61,0
DA:62,0
DA:65,0
DA:67,0
DA:73,0
DA:82,0
DA:83,0
DA:87,0
DA:94,0
DA:96,0
DA:97,0
DA:98,0
DA:99,0
DA:102,0
DA:103,0
DA:104,0
DA:107,0
DA:108,0
DA:109,0
DA:112,0
DA:114,0
DA:116,0
DA:122,0
DA:131,0
DA:138,0
DA:141,0
DA:142,0
DA:143,0
DA:144,0
DA:147,0
DA:148,0
DA:149,0
DA:152,0
DA:153,0
DA:154,0
DA:156,0
DA:157,0
DA:159,0
DA:165,0
DA:174,0
DA:181,0
DA:183,0
DA:184,0
DA:186,0
DA:187,0
DA:188,0
DA:190,0
DA:191,0
DA:192,0
DA:194,0
DA:195,0
DA:196,0
DA:197,0
DA:199,0
DA:202,0
DA:203,0
DA:207,0
DA:211,0
DA:217,0
DA:219,0
DA:220,0
DA:223,0
DA:224,0
DA:231,0
DA:234,0
DA:237,0
DA:238,0
DA:246,0
DA:247,0
LH:0
LF:83
end_of_record
SF:src/Routines/BuildSpecLib/fragments/get_frag_bounds.jl
DA:18,0
DA:27,0
DA:28,0
DA:29,0
DA:30,0
DA:31,0
DA:33,0
DA:34,0
DA:35,0
DA:41,0
DA:47,0
DA:48,0
DA:49,0
DA:50,0
DA:51,0
DA:58,0
DA:59,0
DA:60,0
DA:62,0
DA:66,0
DA:70,0
DA:74,0
LH:0
LF:22
end_of_record
SF:src/Routines/BuildSpecLib/importScripts.jl
DA:1,2
DA:2,2
DA:5,2
DA:6,2
DA:7,2
DA:9,4
DA:10,2
DA:11,2
DA:12,2
DA:13,7
DA:14,6
DA:16,7
DA:17,2
DA:18,2
DA:21,60
DA:22,58
DA:25,58
DA:26,6
DA:27,6
DA:31,52
DA:32,0
DA:33,0
DA:37,52
DA:38,52
DA:39,52
DA:40,52
DA:41,52
DA:43,0
DA:44,0
DA:48,2
DA:59,4
DA:60,2
DA:61,2
DA:62,2
DA:63,6
DA:64,6
DA:66,6
DA:67,2
DA:70,2
DA:73,2
DA:76,2
DA:77,2
DA:80,2
DA:81,2
DA:82,2
DA:83,2
DA:86,2
DA:87,2
DA:88,2
DA:89,2
DA:90,2
DA:93,2
DA:94,2
DA:95,2
DA:98,2
DA:99,2
DA:100,2
DA:101,2
DA:102,2
DA:103,2
DA:106,2
DA:107,2
DA:110,2
DA:113,2
DA:114,2
DA:115,2
DA:118,2
DA:120,2
LH:64
LF:68
end_of_record
SF:src/Routines/BuildSpecLib/koina/koina_api.jl
DA:4,0
DA:8,0
DA:11,0
DA:12,0
DA:13,0
DA:14,0
DA:15,0
DA:17,0
DA:19,0
DA:20,0
DA:21,0
DA:23,0
DA:24,0
DA:26,0
DA:29,0
DA:30,0
DA:31,0
DA:32,0
DA:45,0
DA:49,0
DA:50,0
DA:51,0
DA:54,0
DA:55,0
DA:56,0
DA:57,0
DA:58,0
DA:62,0
DA:63,0
DA:64,0
DA:65,0
DA:66,0
DA:70,0
DA:71,0
DA:72,0
LH:0
LF:35
end_of_record
SF:src/Routines/BuildSpecLib/koina/koina_batch_parse.jl
DA:4,0
DA:6,0
DA:7,0
DA:9,0
DA:10,0
DA:11,0
DA:12,0
DA:14,0
DA:16,0
DA:18,0
DA:24,0
DA:27,0
DA:33,0
DA:35,0
DA:36,0
DA:37,0
DA:39,0
DA:40,0
DA:41,0
DA:42,0
DA:43,0
DA:45,0
DA:46,0
DA:47,0
DA:48,0
DA:51,0
DA:52,0
DA:53,0
DA:54,0
DA:56,0
DA:57,0
DA:58,0
DA:59,0
DA:60,0
DA:61,0
DA:63,0
DA:65,0
DA:71,0
DA:73,0
DA:75,0
DA:76,0
DA:77,0
DA:78,0
DA:80,0
DA:82,0
LH:0
LF:45
end_of_record
SF:src/Routines/BuildSpecLib/koina/koina_batch_prep.jl
DA:4,0
DA:9,0
DA:10,0
DA:13,0
DA:14,0
DA:15,0
DA:17,0
DA:18,0
DA:19,0
DA:20,0
DA:21,0
DA:50,0
DA:51,0
DA:53,0
DA:59,0
DA:62,0
DA:63,0
DA:64,0
DA:66,0
DA:67,0
DA:68,0
DA:69,0
DA:70,0
DA:93,0
DA:94,0
DA:96,0
DA:102,0
DA:106,0
DA:107,0
DA:108,0
DA:110,0
DA:111,0
DA:112,0
DA:113,0
DA:114,0
DA:131,0
DA:132,0
DA:134,0
DA:140,0
DA:144,0
DA:145,0
DA:146,0
DA:148,0
DA:149,0
DA:150,0
DA:151,0
DA:152,0
DA:163,0
DA:164,0
DA:166,0
LH:0
LF:50
end_of_record
SF:src/Routines/BuildSpecLib/structs/EmpiricalLibrary.jl
DA:37,0
DA:39,0
DA:40,0
DA:44,0
DA:47,0
DA:48,0
DA:50,0
DA:52,0
DA:55,0
DA:58,0
DA:61,0
DA:99,0
DA:101,0
DA:103,0
DA:104,0
DA:105,0
DA:106,0
DA:108,0
DA:109,0
DA:110,0
DA:111,0
DA:112,0
DA:113,0
DA:114,0
DA:115,0
DA:117,0
DA:119,0
DA:120,0
DA:122,0
DA:144,8
DA:146,64
DA:149,8
DA:150,8
DA:151,0
DA:154,8
DA:156,8
DA:175,128
DA:176,8
DA:179,8
DA:180,68
DA:181,0
DA:183,8
DA:184,8
DA:185,2
DA:188,0
DA:194,8
DA:195,8
DA:197,0
DA:203,8
DA:204,8
DA:206,0
DA:212,8
DA:213,8
DA:214,8
DA:215,8
DA:216,8
DA:217,8
DA:218,8
DA:219,8
DA:233,8
DA:238,8
DA:239,8
DA:242,8
DA:245,8
DA:248,8
DA:249,8
DA:250,8
DA:260,18
DA:267,0
DA:274,0
DA:288,0
DA:289,0
DA:290,0
DA:304,0
DA:305,0
DA:306,0
DA:318,8
DA:319,16
DA:323,8
DA:329,60
DA:330,60
DA:331,60
DA:334,60
DA:335,60
DA:337,60
DA:340,60
DA:341,60
DA:342,120
DA:343,60
DA:345,0
DA:348,60
DA:351,60
DA:352,60
DA:353,120
DA:354,60
DA:356,0
DA:359,60
DA:362,60
DA:363,60
DA:364,120
DA:365,60
DA:367,0
DA:370,60
DA:374,0
DA:375,0
DA:377,0
DA:378,0
DA:380,60
DA:381,240
DA:382,60
DA:383,60
DA:384,60
DA:385,60
DA:386,60
DA:387,60
DA:389,60
DA:390,60
DA:392,60
DA:393,60
DA:394,60
DA:399,240
DA:401,240
DA:403,240
DA:406,240
DA:409,240
DA:411,240
DA:413,240
DA:415,240
DA:416,240
DA:417,240
DA:420,240
DA:421,240
DA:422,0
DA:423,0
DA:425,0
DA:426,0
DA:427,0
DA:429,0
DA:432,240
DA:434,240
DA:435,240
DA:437,240
DA:440,240
DA:443,240
DA:446,240
DA:449,240
DA:461,240
LH:92
LF:147
end_of_record
SF:src/Routines/BuildSpecLib/structs/mods.jl
DA:2,12
DA:7,0
DA:8,0
DA:9,0
DA:10,0
DA:11,0
DA:12,0
DA:17,4
DA:19,4
DA:20,4
DA:24,0
DA:25,0
DA:29,0
LH:4
LF:13
end_of_record
SF:src/Routines/BuildSpecLib/utils/check_params.jl
DA:6,0
DA:7,0
DA:10,0
DA:11,0
DA:12,0
DA:13,0
DA:14,0
DA:19,0
DA:20,0
DA:21,0
DA:22,0
DA:25,0
DA:26,0
DA:27,0
DA:28,0
DA:29,0
DA:30,0
DA:31,0
DA:32,0
DA:33,0
DA:34,0
DA:37,0
DA:38,0
DA:39,0
DA:40,0
DA:43,0
DA:44,0
DA:45,0
DA:46,0
DA:47,0
DA:48,0
DA:49,0
DA:50,0
DA:51,0
DA:52,0
DA:53,0
DA:54,0
DA:55,0
DA:56,0
DA:57,0
DA:58,0
DA:59,0
DA:60,0
DA:61,0
DA:62,0
DA:63,0
DA:64,0
DA:65,0
DA:66,0
DA:67,0
DA:70,0
DA:71,0
DA:72,0
DA:73,0
DA:74,0
DA:75,0
DA:78,0
DA:79,0
DA:80,0
DA:82,0
DA:83,0
DA:84,0
DA:85,0
DA:86,0
DA:87,0
DA:90,0
DA:91,0
DA:92,0
DA:93,0
DA:94,0
DA:97,0
DA:112,2
DA:113,2
DA:116,68
DA:117,66
DA:118,0
DA:119,66
DA:120,0
DA:125,4
DA:126,2
DA:127,4
DA:128,4
DA:131,2
DA:132,2
DA:133,2
DA:134,2
DA:137,2
DA:138,2
DA:163,2
DA:164,44
DA:165,44
DA:168,2
DA:169,2
DA:170,4
DA:171,4
DA:174,2
DA:175,2
DA:176,2
DA:177,2
DA:179,2
DA:180,2
DA:181,2
DA:182,2
DA:183,2
DA:186,2
DA:187,2
DA:188,2
DA:189,2
DA:190,2
DA:194,4
DA:195,4
DA:197,2
LH:39
LF:112
end_of_record
SF:src/Routines/BuildSpecLib/utils/estimate_collision_ev.jl
DA:1,0
DA:5,0
DA:6,0
DA:7,0
DA:8,0
DA:10,0
DA:11,0
DA:16,0
DA:19,0
DA:28,0
DA:29,0
DA:30,0
DA:32,0
DA:33,0
LH:0
LF:14
end_of_record
SF:src/Routines/BuildSpecLib/utils/get_mz.jl
DA:37,0
DA:38,0
DA:39,0
DA:41,0
DA:45,0
DA:46,0
DA:47,0
DA:48,0
DA:49,0
DA:50,0
DA:73,0
DA:75,0
DA:76,0
DA:79,0
DA:81,0
DA:82,0
DA:102,0
DA:103,0
DA:121,0
DA:122,0
DA:125,0
DA:126,0
DA:127,0
DA:128,0
DA:129,0
DA:130,0
DA:133,0
DA:134,0
DA:137,0
DA:138,0
DA:139,0
DA:142,0
DA:143,0
DA:144,0
DA:147,0
DA:148,0
DA:149,0
DA:150,0
DA:151,0
DA:152,0
LH:0
LF:40
end_of_record
SF:src/Routines/BuildSpecLib/utils/importScripts.jl
DA:1,0
DA:2,0
DA:3,0
DA:4,0
DA:5,0
DA:6,0
DA:8,0
DA:9,0
DA:10,0
DA:11,0
DA:13,0
DA:14,0
DA:15,0
DA:16,0
DA:17,0
DA:18,0
DA:21,0
DA:22,0
DA:23,0
DA:24,0
DA:27,0
DA:28,0
DA:29,0
DA:30,0
DA:31,0
DA:32,0
DA:33,0
DA:36,0
DA:37,0
DA:38,0
DA:39,0
DA:42,0
DA:43,0
DA:44,0
DA:45,0
LH:0
LF:35
end_of_record
SF:src/Routines/BuildSpecLib/utils/io.jl
DA:4,0
DA:5,0
DA:6,0
DA:10,0
DA:12,0
DA:18,0
DA:19,0
DA:20,0
DA:23,0
DA:24,0
DA:30,0
DA:31,0
DA:32,0
DA:33,0
DA:34,0
DA:36,0
LH:0
LF:16
end_of_record
SF:src/Routines/BuildSpecLib/utils/math.jl
DA:5,0
DA:6,0
DA:12,0
DA:13,0
DA:14,0
LH:0
LF:5
end_of_record
SF:src/Routines/BuildSpecLib/utils/parse_isotope_mods.jl
LH:0
LF:0
end_of_record
SF:src/Routines/BuildSpecLib/utils/parse_mods.jl
DA:20,3
DA:24,5
DA:25,3
DA:26,3
DA:27,6
DA:28,4
DA:29,3
DA:60,12
DA:61,12
DA:62,12
DA:63,37
DA:64,27
DA:65,36
DA:66,19
DA:67,12
DA:95,9
DA:97,9
DA:98,9
DA:99,9
DA:100,17
DA:101,26
DA:102,9
DA:103,9
DA:193,2
DA:199,2
DA:201,2
DA:203,8
DA:205,6
DA:206,6
DA:207,8
DA:208,8
DA:209,8
DA:210,8
DA:211,6
DA:212,6
DA:213,8
DA:214,6
DA:216,2
DA:217,2
DA:218,2
DA:253,66
DA:255,66
DA:258,66
DA:261,66
DA:262,66
DA:263,4
DA:265,66
DA:268,132
DA:269,116
DA:270,116
DA:271,232
DA:272,8
DA:273,112
DA:274,2
DA:275,2
DA:277,110
DA:278,110
DA:281,116
DA:282,166
DA:284,166
DA:286,66
DA:308,8
DA:309,8
DA:310,8
DA:311,24
DA:312,40
DA:313,8
DA:365,248
DA:371,248
DA:372,248
DA:375,494
DA:376,424
DA:377,848
DA:378,416
DA:380,602
DA:383,248
DA:386,244
DA:387,244
DA:389,244
DA:390,4
DA:391,2
DA:392,2
DA:393,4
DA:394,2
DA:398,244
DA:399,416
DA:400,416
DA:403,488
DA:404,244
DA:407,240
DA:412,240
DA:413,240
DA:414,0
DA:416,240
DA:477,248
DA:483,63240
DA:486,248
DA:489,248
DA:490,248
DA:492,496
DA:493,424
DA:494,424
DA:495,424
DA:496,424
DA:498,600
DA:501,248
DA:503,496
DA:504,418
DA:505,418
DA:508,418
DA:509,418
DA:510,418
DA:511,418
DA:514,418
DA:551,248
DA:552,62266
DA:553,248
DA:554,3714
DA:555,3714
DA:579,250
DA:582,62262
DA:585,250
DA:588,248
DA:590,496
DA:591,420
DA:592,420
DA:594,420
DA:595,418
DA:597,420
DA:600,248
DA:608,248
DA:609,248
DA:610,762
DA:611,1276
DA:614,248
DA:615,116
DA:617,380
DA:621,248
DA:624,248
DA:631,248
DA:632,248
DA:633,248
DA:634,3680
DA:635,7112
DA:638,248
DA:656,248
DA:660,248
DA:663,248
DA:664,3700
DA:665,7152
DA:668,248
DA:669,246
DA:670,492
DA:671,416
DA:672,416
DA:673,416
DA:674,416
DA:676,416
DA:686,4
DA:691,1020
DA:692,1020
DA:693,1020
DA:694,4
DA:696,8
DA:697,244
DA:698,244
DA:701,244
DA:702,244
DA:703,244
DA:706,244
DA:709,374
DA:716,374
DA:724,244
DA:732,244
DA:733,488
DA:734,244
DA:775,26
DA:777,26
DA:778,0
DA:782,26
DA:785,52
DA:786,52
DA:787,52
DA:790,26
DA:791,26
DA:792,52
DA:793,54
DA:794,54
DA:795,108
DA:796,54
DA:797,82
DA:800,26
DA:801,52
DA:804,26
DA:805,52
DA:806,26
DA:807,26
DA:808,54
DA:809,54
DA:810,54
DA:812,54
DA:813,2
DA:814,52
DA:815,20
DA:817,32
DA:818,64
DA:819,32
DA:821,54
DA:822,82
DA:825,26
DA:826,26
DA:851,2
DA:853,2
DA:854,2
DA:857,2
DA:860,2
DA:863,2
DA:864,2
DA:865,2
DA:868,4
DA:869,120
DA:871,20
DA:874,20
DA:877,20
DA:878,0
DA:879,0
DA:881,0
DA:882,0
DA:883,0
DA:884,0
DA:888,20
DA:889,20
DA:890,20
DA:894,120
DA:895,240
DA:896,120
DA:897,238
DA:900,2
DA:930,20
DA:932,20
DA:934,0
DA:938,20
DA:941,40
DA:942,40
DA:943,40
DA:946,20
DA:947,20
DA:948,40
DA:949,34
DA:950,34
DA:951,68
DA:952,34
DA:953,48
DA:956,20
DA:957,40
DA:958,20
DA:959,40
DA:962,20
DA:963,20
DA:965,284
DA:966,568
DA:967,548
DA:968,20
DA:971,40
DA:972,20
DA:973,34
DA:974,34
DA:975,34
DA:977,34
DA:978,0
DA:979,34
DA:980,12
DA:982,22
DA:983,44
DA:984,22
DA:986,48
DA:989,20
DA:990,20
DA:1057,2
DA:1059,2
DA:1060,2
DA:1061,2
DA:1062,2
DA:1064,2
DA:1067,2
DA:1070,2
DA:1071,2
DA:1072,2
DA:1075,4
DA:1076,60
DA:1078,20
DA:1081,20
DA:1082,20
DA:1083,40
DA:1084,20
DA:1085,20
DA:1086,20
DA:1087,20
DA:1088,20
DA:1089,20
DA:1091,20
DA:1092,20
DA:1095,20
DA:1096,0
DA:1097,0
DA:1099,0
DA:1100,0
DA:1101,0
DA:1102,0
DA:1107,60
DA:1108,120
DA:1109,60
DA:1110,60
DA:1111,60
DA:1112,118
DA:1115,2
LH:300
LF:316
end_of_record
SF:src/Routines/BuildSpecLib.jl
DA:21,0
DA:23,0
DA:24,0
DA:27,0
DA:30,0
DA:31,0
DA:32,0
DA:35,0
DA:36,0
DA:39,0
DA:40,0
DA:43,0
DA:44,0
DA:46,0
DA:48,0
DA:50,0
DA:53,0
DA:56,0
DA:57,0
DA:58,0
DA:61,0
DA:62,0
DA:63,0
DA:67,0
DA:68,0
DA:69,0
DA:70,0
DA:71,0
DA:74,0
DA:75,0
DA:76,0
DA:77,0
DA:78,0
DA:81,0
DA:86,0
DA:88,0
DA:91,0
DA:92,0
DA:93,0
DA:99,0
DA:100,0
DA:101,0
DA:103,0
DA:105,0
DA:106,0
DA:107,0
DA:108,0
DA:109,0
DA:111,0
DA:114,0
DA:115,0
DA:116,0
DA:117,0
DA:118,0
DA:120,0
DA:123,0
DA:124,0
DA:125,0
DA:127,0
DA:130,0
DA:131,0
DA:132,0
DA:133,0
DA:134,0
DA:138,0
DA:140,0
DA:141,0
DA:145,0
DA:148,0
DA:150,0
DA:153,0
DA:154,0
DA:155,0
DA:160,0
DA:162,0
DA:164,0
DA:165,0
DA:166,0
DA:167,0
DA:169,0
DA:171,0
DA:172,0
DA:173,0
DA:181,0
DA:183,0
DA:184,0
DA:185,0
DA:186,0
DA:187,0
DA:188,0
DA:189,0
DA:191,0
DA:194,0
DA:195,0
DA:196,0
DA:205,0
DA:207,0
DA:210,0
DA:212,0
DA:213,0
DA:215,0
DA:216,0
DA:217,0
DA:221,0
DA:223,0
DA:229,0
DA:237,0
DA:240,0
DA:241,0
DA:243,0
DA:250,0
DA:260,0
DA:261,0
DA:262,0
DA:263,0
DA:264,0
DA:265,0
DA:266,0
DA:274,0
DA:275,0
DA:276,0
DA:277,0
DA:280,0
DA:281,0
DA:286,0
DA:287,0
DA:289,0
DA:293,0
DA:294,0
DA:295,0
DA:296,0
DA:298,0
DA:300,0
DA:303,0
DA:304,0
DA:305,0
DA:327,0
DA:329,0
DA:332,0
DA:338,0
DA:339,0
DA:343,0
DA:344,0
DA:345,0
DA:346,0
DA:347,0
DA:348,0
DA:350,0
DA:356,0
DA:358,0
DA:359,0
DA:360,0
DA:362,0
DA:364,0
DA:365,0
DA:370,0
DA:371,0
DA:372,0
DA:373,0
DA:374,0
DA:377,0
DA:378,0
DA:379,0
DA:384,0
DA:387,0
DA:388,0
DA:389,0
DA:390,0
DA:393,0
DA:394,0
DA:395,0
DA:396,0
DA:397,0
DA:398,0
DA:399,0
DA:401,0
DA:402,0
DA:403,0
DA:405,0
DA:406,0
DA:407,0
DA:408,0
DA:409,0
DA:410,0
DA:413,0
DA:414,0
DA:415,0
DA:416,0
DA:417,0
DA:418,0
DA:421,0
DA:422,0
DA:423,0
DA:424,0
DA:425,0
DA:426,0
DA:429,0
DA:430,0
DA:431,0
DA:432,0
DA:433,0
DA:434,0
DA:437,0
DA:438,0
DA:439,0
DA:440,0
DA:441,0
DA:443,0
LH:0
LF:208
end_of_record
SF:src/Routines/GenerateParams.jl
DA:28,0
DA:30,0
DA:32,0
DA:33,0
DA:35,0
DA:36,0
DA:37,0
DA:38,0
DA:39,0
DA:41,0
DA:46,0
DA:47,0
DA:51,0
DA:52,0
DA:55,0
DA:63,0
DA:64,0
DA:65,0
DA:68,0
DA:86,0
DA:88,0
DA:90,0
DA:91,0
DA:93,0
DA:94,0
DA:95,0
DA:96,0
DA:97,0
DA:99,0
DA:104,0
DA:105,0
DA:108,0
DA:109,0
DA:111,0
DA:112,0
DA:113,0
DA:114,0
DA:115,0
DA:117,0
DA:120,0
DA:121,0
DA:122,0
DA:123,0
DA:124,0
DA:125,0
DA:128,0
DA:129,0
DA:130,0
DA:133,0
LH:0
LF:49
end_of_record
SF:src/Routines/ParseSpecLib.jl
DA:20,16
DA:21,8
DA:24,8
DA:27,8
DA:28,8
DA:31,8
DA:32,276
DA:33,276
DA:35,60
DA:40,20
DA:41,20
DA:43,544
DA:46,24
DA:50,8
DA:65,4
DA:67,4
DA:68,4
DA:74,480
DA:80,4
DA:81,0
DA:85,2
DA:86,4
DA:89,4
DA:90,2
DA:91,60
DA:92,118
DA:93,2
DA:95,2
DA:121,2
DA:127,4
DA:128,0
DA:132,242
DA:133,2
DA:136,4
DA:137,480
DA:143,478
DA:145,2
DA:148,2
DA:153,2
DA:176,2
DA:178,2
DA:181,2
DA:182,2
DA:183,2
DA:184,2
DA:185,2
DA:186,2
DA:191,2
DA:192,60
DA:194,2
DA:195,4
DA:199,2
DA:200,2
DA:201,2
DA:202,2
DA:205,2
DA:206,2
DA:208,2
DA:211,2
DA:213,0
DA:214,0
DA:215,0
DA:216,0
DA:217,0
DA:218,0
DA:221,0
DA:222,0
DA:223,0
DA:224,0
DA:225,0
DA:226,0
DA:227,0
DA:228,0
DA:230,2
DA:234,2
DA:235,2
DA:236,2
DA:237,2
DA:238,2
DA:239,2
DA:245,2
DA:246,4
DA:247,2
DA:248,2
DA:249,2
DA:250,2
DA:251,2
DA:253,2
DA:254,2
DA:255,2
DA:256,2
DA:257,2
DA:258,2
DA:261,4
DA:262,4
DA:265,2
DA:268,2
DA:269,2
DA:270,2
DA:271,2
DA:274,2
DA:275,2
DA:279,4
DA:280,4
DA:283,2
DA:284,2
DA:285,2
DA:286,2
DA:287,2
DA:288,2
DA:289,2
DA:290,2
DA:291,2
DA:292,0
DA:293,0
DA:294,0
DA:295,0
DA:296,0
DA:297,0
DA:300,2
DA:307,2
DA:310,2
DA:313,2
DA:314,0
DA:318,2
DA:320,2
DA:345,2
DA:349,2
DA:350,2
DA:351,2
DA:352,2
DA:353,2
DA:354,2
DA:355,2
DA:357,2
DA:358,240
DA:360,2
DA:361,2
DA:362,2
DA:364,2
DA:365,2
DA:366,2
DA:367,2
DA:368,2
DA:369,2
DA:370,2
DA:371,2
DA:372,2
DA:373,2
DA:374,2
DA:375,2
DA:376,2
DA:377,2
DA:378,2
DA:379,2
DA:381,2
DA:382,240
DA:384,240
DA:385,60
DA:386,60
DA:388,60
DA:389,60
DA:390,60
DA:391,60
DA:392,60
DA:393,60
DA:394,60
DA:395,60
DA:396,60
DA:397,60
DA:398,60
DA:399,60
DA:400,60
DA:401,60
DA:403,60
DA:404,60
DA:405,60
DA:406,60
DA:407,60
DA:408,60
DA:409,60
DA:411,240
DA:412,240
DA:413,68
DA:416,240
DA:417,2
DA:438,2
DA:439,2
DA:443,2
DA:444,2
DA:453,240
DA:454,240
DA:455,240
DA:456,240
DA:457,240
DA:458,240
DA:459,240
DA:460,240
DA:461,4
DA:462,4
DA:463,240
DA:464,240
DA:465,4
DA:466,4
DA:467,2
DA:468,240
DA:469,240
DA:470,240
DA:471,240
DA:472,240
DA:473,240
DA:474,240
DA:475,240
DA:476,240
DA:477,240
DA:478,240
DA:479,240
DA:480,240
DA:481,240
DA:482,240
DA:483,478
DA:484,2
LH:199
LF:222
end_of_record
SF:src/Routines/Profiling.jl
LH:0
LF:0
end_of_record
SF:src/Routines/SearchDIA/CommonSearchUtils/buildDesignMatrix.jl
DA:1,47614
DA:8,23812
DA:11,23812
DA:12,23813
DA:13,351837
DA:14,341587
DA:16,680225
DA:17,23838
DA:20,23838
DA:21,1
DA:22,2
DA:23,2
DA:24,2
DA:25,2
DA:26,2
DA:27,2
DA:28,2
DA:35,23812
DA:36,23821
DA:38,23821
DA:39,23820
DA:40,23819
DA:41,23819
DA:42,23818
DA:43,370597
DA:45,370603
DA:46,65181
DA:47,65180
DA:51,370508
DA:52,360066
DA:53,360063
DA:56,370411
DA:57,717214
DA:58,369811
DA:59,369811
DA:61,370388
DA:62,370380
DA:63,370378
DA:64,370315
DA:65,370309
DA:66,370301
DA:68,370314
DA:69,370313
DA:71,717488
DA:73,23784
DA:74,23784
DA:75,1335021
DA:78,1334965
DA:80,1049992
DA:81,1049994
DA:82,1049998
DA:83,1049989
DA:84,1049732
DA:85,1049776
DA:86,1049793
DA:87,1049742
DA:88,1049780
DA:90,2646626
DA:91,23842
LH:59
LF:59
end_of_record
SF:src/Routines/SearchDIA/CommonSearchUtils/buildRTIndex.jl
DA:1,1
DA:3,1
DA:4,1
DA:5,1
DA:6,1
DA:7,1247
DA:8,1246
DA:9,77
DA:16,77
DA:17,77
DA:18,1246
DA:19,1246
DA:20,2415
DA:22,12208
DA:23,77
DA:24,77
DA:25,77
DA:26,77
DA:28,1169
DA:30,1246
DA:33,2
DA:34,1
DA:35,2478
DA:36,153
DA:37,1
DA:39,77
DA:40,1
DA:43,2
DA:45,0
DA:48,2
DA:55,2
DA:57,1
DA:58,2
DA:59,2
DA:61,2492
DA:62,2492
DA:63,2492
DA:65,2
DA:67,2457
DA:70,4
DA:71,1875
DA:72,1864
DA:74,3868
DA:75,1810
DA:76,1819
DA:77,1817
DA:78,1826
DA:82,152
DA:83,0
DA:85,2
DA:88,2
DA:89,2
DA:90,2
DA:94,2
DA:95,3
DA:96,1
LH:54
LF:56
end_of_record
SF:src/Routines/SearchDIA/CommonSearchUtils/entrapmentAnalysis.jl
DA:1,0
DA:7,0
DA:8,0
DA:9,0
DA:10,0
DA:11,0
DA:12,0
DA:13,0
DA:14,0
DA:15,0
DA:16,0
DA:17,0
DA:18,0
DA:19,0
DA:21,0
DA:22,0
DA:23,0
DA:24,0
DA:26,0
DA:27,0
DA:28,0
DA:29,0
DA:30,0
DA:31,0
DA:32,0
DA:33,0
DA:34,0
DA:35,0
DA:40,0
DA:43,0
DA:45,0
DA:46,0
DA:47,0
DA:71,0
LH:0
LF:34
end_of_record
SF:src/Routines/SearchDIA/CommonSearchUtils/matchPeaks.jl
DA:32,3147033
DA:41,1573736
DA:43,1570246
DA:44,0
DA:47,1570592
DA:49,1570706
DA:50,1053650
DA:51,683356
DA:52,0
DA:53,683479
DA:54,683600
DA:56,1574505
DA:73,1559426
DA:76,0
DA:85,0
DA:87,0
DA:88,0
DA:90,0
DA:99,0
DA:132,355559
DA:148,355498
DA:150,355504
DA:151,355508
DA:158,355589
DA:159,354603
DA:160,354614
DA:161,354615
DA:162,8
DA:163,3
DA:164,3
DA:165,1
DA:166,1
DA:167,1
DA:170,8
DA:171,10
DA:172,353822
DA:176,354818
DA:177,354828
DA:186,0
DA:197,352775
DA:199,0
DA:215,0
DA:217,0
DA:218,0
DA:225,0
DA:226,0
DA:227,0
DA:228,0
DA:229,0
DA:230,0
DA:231,0
DA:232,0
DA:233,0
DA:234,0
DA:237,0
DA:238,0
DA:239,0
DA:243,0
DA:244,0
DA:253,0
DA:264,0
DA:306,32492
DA:322,32456
DA:324,32456
DA:325,2441
DA:329,30056
DA:331,29945
DA:333,29818
DA:337,6197488
DA:338,1562133
DA:344,353151
DA:363,354012
DA:369,353979
DA:370,10589
DA:374,344863
DA:375,343578
DA:378,1278196
DA:387,1267248
DA:388,1267321
DA:398,1264723
DA:399,13436
DA:401,1256519
DA:404,4937339
DA:405,4937376
DA:406,4936459
DA:408,6136983
DA:412,5943
DA:413,41989
DA:414,0
DA:416,41983
DA:425,41965
DA:426,41973
DA:428,5945
LH:62
LF:93
end_of_record
SF:src/Routines/SearchDIA/CommonSearchUtils/mergeSortedArrowTables.jl
DA:14,0
DA:15,0
DA:16,0
DA:17,0
DA:18,0
DA:19,0
DA:22,0
DA:28,0
DA:38,0
DA:44,0
DA:55,0
DA:61,0
DA:71,0
DA:78,0
DA:85,0
DA:86,0
DA:87,0
DA:88,0
DA:91,0
DA:98,0
DA:99,0
DA:100,0
DA:101,0
DA:104,0
DA:111,0
DA:112,0
DA:113,0
DA:114,0
DA:117,0
DA:124,0
DA:125,0
DA:126,0
DA:127,0
DA:130,0
DA:137,0
DA:138,0
DA:139,0
DA:140,0
DA:144,0
DA:146,0
DA:147,0
DA:149,0
DA:150,0
DA:151,0
DA:152,0
DA:153,0
DA:154,0
DA:161,0
DA:162,0
DA:163,0
DA:164,0
DA:165,0
DA:166,0
DA:167,0
DA:168,0
DA:169,0
DA:170,0
DA:171,0
DA:172,0
DA:174,0
DA:181,0
DA:182,0
DA:183,0
DA:184,0
DA:191,0
DA:192,0
DA:193,0
DA:194,0
DA:196,0
DA:197,0
DA:200,0
DA:205,0
DA:206,0
DA:208,0
DA:209,0
DA:210,0
DA:217,0
DA:218,0
DA:222,0
DA:226,0
DA:234,0
DA:247,0
DA:255,0
DA:267,0
DA:272,0
DA:281,0
DA:286,0
DA:295,0
DA:301,0
DA:308,0
DA:309,0
DA:310,0
DA:311,0
DA:314,0
DA:321,0
DA:322,0
DA:323,0
DA:324,0
DA:327,0
DA:334,0
DA:335,0
DA:336,0
DA:337,0
DA:341,0
DA:348,0
DA:349,0
DA:350,0
DA:351,0
DA:355,0
DA:361,0
DA:362,0
DA:363,0
DA:364,0
DA:368,0
DA:370,0
DA:371,0
DA:373,0
DA:374,0
DA:375,0
DA:376,0
DA:377,0
DA:378,0
DA:384,0
DA:385,0
DA:386,0
DA:387,0
DA:388,0
DA:389,0
DA:390,0
DA:391,0
DA:392,0
DA:393,0
DA:394,0
DA:395,0
DA:397,0
DA:403,0
DA:404,0
DA:405,0
DA:406,0
DA:413,0
DA:415,0
DA:416,0
DA:417,0
DA:419,0
DA:420,0
DA:423,0
DA:428,0
DA:429,0
DA:431,0
DA:432,0
DA:433,0
DA:440,0
DA:441,0
DA:445,0
DA:450,0
DA:457,0
DA:464,0
DA:465,0
DA:466,0
DA:467,0
DA:470,0
DA:477,0
DA:478,0
DA:479,0
DA:480,0
DA:483,0
DA:490,0
DA:491,0
DA:492,0
DA:493,0
DA:496,0
DA:503,0
DA:504,0
DA:505,0
DA:506,0
DA:509,0
DA:516,0
DA:517,0
DA:518,0
DA:519,0
DA:523,0
DA:525,0
DA:526,0
DA:528,0
DA:529,0
DA:530,0
DA:533,0
DA:534,0
DA:535,0
DA:536,0
DA:537,0
DA:539,0
DA:541,0
DA:542,0
DA:551,0
DA:553,0
DA:554,0
DA:555,0
DA:556,0
DA:557,0
DA:558,0
DA:559,0
DA:560,0
DA:561,0
DA:562,0
DA:563,0
DA:565,0
DA:574,0
DA:575,0
DA:576,0
DA:577,0
DA:584,0
DA:585,0
DA:586,0
DA:587,0
DA:589,0
DA:590,0
DA:593,0
DA:598,0
DA:599,0
DA:601,0
DA:602,0
DA:603,0
DA:610,0
DA:611,0
DA:615,0
LH:0
LF:226
end_of_record
SF:src/Routines/SearchDIA/CommonSearchUtils/normalizeQuant.jl
DA:1,0
DA:5,0
DA:6,0
DA:7,0
DA:8,0
DA:9,0
DA:11,0
DA:12,0
DA:13,0
DA:15,0
DA:16,0
DA:18,0
DA:19,0
DA:20,0
DA:21,0
DA:22,0
DA:23,0
DA:24,0
DA:25,0
DA:26,0
DA:27,0
DA:29,0
DA:35,0
DA:36,0
DA:37,0
DA:40,0
DA:44,0
DA:45,0
DA:46,0
DA:47,0
DA:48,0
DA:49,0
DA:50,0
DA:51,0
DA:52,0
DA:53,0
DA:54,0
DA:55,0
DA:56,0
DA:57,0
DA:58,0
DA:59,0
DA:60,0
DA:61,0
DA:66,0
DA:67,0
DA:70,0
DA:76,0
DA:77,0
DA:78,0
DA:79,0
DA:80,0
DA:81,0
DA:82,0
DA:83,0
DA:84,0
DA:85,0
DA:88,0
DA:95,0
DA:97,0
DA:103,0
DA:109,0
DA:114,0
LH:0
LF:63
end_of_record
SF:src/Routines/SearchDIA/CommonSearchUtils/partitionThreadTasks.jl
DA:6,0
DA:7,0
DA:9,0
DA:10,0
DA:11,0
DA:15,25
DA:21,50
DA:22,25
DA:23,25
DA:24,8608925
DA:25,8608900
DA:27,0
DA:31,50
DA:32,25
DA:33,25
DA:34,481875
DA:35,1825
DA:36,8566600
DA:37,1825
DA:39,963725
DA:41,25
DA:42,46000
DA:44,25
DA:45,25
DA:46,25
DA:47,25
DA:48,175
DA:49,175
DA:50,175
DA:51,483175
DA:52,483175
DA:53,916875
DA:54,481875
DA:55,481875
DA:57,435000
DA:59,481875
DA:60,483175
DA:61,325
DA:62,25
DA:65,2
DA:71,4
DA:72,2
DA:73,2
DA:74,2
DA:75,2
DA:78,2
DA:79,2
DA:80,2
DA:81,2
DA:82,14
DA:83,14
DA:84,14
DA:85,112
DA:86,112
DA:87,112
DA:88,0
DA:89,0
DA:91,112
DA:93,0
DA:94,112
DA:95,26
DA:96,2
LH:53
LF:62
end_of_record
SF:src/Routines/SearchDIA/CommonSearchUtils/queryFragmentIndex.jl
DA:29,5664681
DA:37,5645786
DA:38,5618586
DA:39,5619983
DA:41,5716873
DA:42,373243
DA:43,373259
DA:44,373295
DA:45,373342
DA:46,138072
DA:51,138070
DA:53,246035
DA:54,245866
DA:77,5483046
DA:99,5095021
DA:104,5062886
DA:105,5061471
DA:106,5068821
DA:107,5054382
DA:108,37799389
DA:109,44268228
DA:110,49082382
DA:111,49049918
DA:112,47136352
DA:114,7535270
DA:141,4253558
DA:148,4209140
DA:149,4209102
DA:150,4232725
DA:153,4232898
DA:154,10728144
DA:155,8144369
DA:156,8302532
DA:157,8294712
DA:158,8305266
DA:159,4505765
DA:163,4504723
DA:164,4381293
DA:165,4374657
DA:168,4377622
DA:169,4379628
DA:170,7689951
DA:171,4456033
DA:172,4401018
DA:173,4601604
DA:174,4602296
DA:175,4507476
DA:179,4513745
DA:180,4026728
DA:181,2714201
DA:183,2677574
DA:184,1690827
DA:189,4252833
DA:192,2156077
DA:193,4007447
DA:194,3991104
DA:195,5959569
DA:200,3932759
DA:201,2135380
DA:205,5569009
DA:216,5558446
DA:226,5486758
DA:232,5903504
DA:234,5908237
DA:235,0
DA:239,11358640
DA:241,6099744
DA:244,5871238
DA:245,4891160
DA:247,4359955
DA:248,53494
DA:249,53528
DA:253,4281218
DA:255,4137448
DA:262,8737967
DA:264,5162803
DA:268,5064101
DA:271,45962
DA:283,45969
DA:284,45947
DA:287,143556
DA:289,107606
DA:290,107792
DA:291,107801
DA:293,215136
DA:295,5810171
DA:296,5958942
DA:299,5456820
DA:310,11034967
DA:312,107648
DA:313,107649
DA:314,7608
DA:315,7608
DA:317,99996
DA:319,45751
DA:322,45765
DA:323,4566896
DA:324,45869
DA:325,45908
DA:326,45922
LH:99
LF:100
end_of_record
SF:src/Routines/SearchDIA/CommonSearchUtils/selectTransitions/fillTransitionList.jl
DA:32,50790
DA:51,50799
DA:52,304443
DA:53,50879
DA:55,50880
DA:56,681733
DA:57,681569
DA:59,992443
DA:63,673613
DA:66,1315418
DA:67,50854
DA:74,673074
DA:81,673053
DA:82,989429
DA:85,1979133
DA:87,989568
DA:88,989571
DA:95,989331
DA:96,1314014
DA:97,680890
DA:100,0
DA:113,0
DA:115,0
DA:117,0
DA:128,0
DA:129,0
DA:130,0
DA:133,683633
DA:147,683475
DA:148,683204
DA:149,682991
DA:150,678121
DA:151,676139
DA:152,987916
DA:157,1303075
DA:158,672968
LH:29
LF:36
end_of_record
SF:src/Routines/SearchDIA/CommonSearchUtils/selectTransitions/massErrEstimationStrategy.jl
DA:2,1180
DA:13,1182
DA:14,701
DA:15,701
DA:16,9760
DA:24,18871
DA:25,808
DA:26,590
DA:30,9773
DA:37,9766
DA:38,9673
DA:39,3359
DA:40,3359
DA:41,3353
DA:43,9749
LH:15
LF:15
end_of_record
SF:src/Routines/SearchDIA/CommonSearchUtils/selectTransitions/quadEstimationSelection.jl
DA:11,0
DA:28,0
DA:30,0
DA:31,0
DA:32,0
DA:33,0
DA:34,0
DA:35,0
DA:36,0
DA:52,0
DA:53,0
DA:54,0
DA:58,0
DA:75,0
DA:76,0
DA:79,0
DA:88,0
DA:89,0
DA:90,0
DA:93,0
DA:108,0
DA:118,0
DA:120,0
DA:123,0
DA:133,0
DA:135,0
DA:136,0
DA:138,0
DA:139,0
DA:142,0
DA:143,0
DA:159,0
DA:160,0
DA:162,0
DA:164,0
LH:0
LF:35
end_of_record
SF:src/Routines/SearchDIA/CommonSearchUtils/selectTransitions/rtIndexTransitionSelection.jl
DA:12,11170
DA:36,5582
DA:37,5582
DA:38,5582
DA:39,5582
DA:40,19107
DA:43,19106
DA:47,24843
DA:48,25946
DA:51,25944
DA:52,0
DA:60,25934
DA:61,25931
DA:62,25924
DA:65,25940
DA:69,119
DA:73,25786
DA:74,25787
DA:75,25788
DA:80,25775
DA:99,38480
DA:100,32673
DA:102,5583
DA:107,5582
DA:108,5582
DA:111,19110
DA:115,162165
DA:117,164040
DA:119,19115
DA:122,25908
DA:127,25909
DA:128,25908
DA:129,25935
LH:32
LF:33
end_of_record
SF:src/Routines/SearchDIA/CommonSearchUtils/selectTransitions/selectTransitions.jl
DA:3,31462
DA:4,590
DA:5,5587
DA:21,1
DA:30,5
DA:34,992007
DA:39,991197
DA:40,0
DA:44,0
DA:50,0
DA:59,74190
DA:67,37847
DA:70,37853
DA:73,37682
DA:74,14414528
DA:77,37642
LH:13
LF:16
end_of_record
SF:src/Routines/SearchDIA/CommonSearchUtils/selectTransitions/standardTransitionSelection.jl
DA:1,63299
DA:26,47239
DA:28,26837
DA:29,26834
DA:30,26816
DA:33,26794
DA:34,1705
DA:38,25165
DA:39,25151
DA:41,25127
DA:42,0
DA:45,25123
DA:47,25121
DA:66,37792
DA:68,31414
LH:14
LF:15
end_of_record
SF:src/Routines/SearchDIA/LibrarySearch.jl
DA:1,136
DA:15,137
DA:16,138
DA:17,148
DA:18,148
DA:23,800431
DA:24,398076
DA:27,46115
DA:28,46711
DA:29,571
DA:30,571
DA:31,46449
DA:32,438
DA:33,438
DA:36,46114
DA:66,45758
DA:84,45912
DA:85,31895
DA:86,31898
DA:87,59027
DA:88,27138
DA:89,27138
DA:90,0
DA:94,27139
DA:95,27137
DA:96,27137
DA:97,31905
DA:99,14096
DA:102,45930
DA:103,401936
DA:105,154
DA:108,147
DA:123,145
DA:124,130
DA:125,132
DA:126,760
DA:127,760
DA:128,153
DA:129,749664
DA:130,404988
DA:133,31435
DA:134,62576
DA:135,31412
DA:138,61709
DA:158,31534
DA:162,15520
DA:175,476327
DA:177,15556
DA:178,15536
DA:181,15524
DA:182,0
DA:183,0
DA:184,0
DA:187,15515
DA:189,188327
DA:198,15509
DA:217,15504
DA:218,25276
DA:219,35066
DA:220,15491
DA:221,15478
DA:222,375722
DA:223,154
DA:226,20
DA:227,20
DA:241,2
DA:243,2
DA:257,0
DA:263,0
DA:278,22
DA:293,22
DA:295,44
DA:296,22
DA:297,22
DA:298,299
DA:299,147
DA:300,136
DA:316,22
DA:318,22
DA:319,305
DA:320,148
DA:321,150
DA:338,22
DA:341,0
DA:358,0
DA:359,0
DA:360,0
DA:362,0
DA:363,0
DA:364,0
DA:365,0
DA:381,0
DA:384,0
DA:387,0
DA:393,0
DA:394,0
DA:395,0
DA:396,0
DA:411,0
DA:412,0
DA:414,0
DA:417,0
DA:421,0
DA:425,0
DA:426,0
DA:429,46069
DA:430,46077
LH:79
LF:107
end_of_record
SF:src/Routines/SearchDIA/PSMs/PSM.jl
LH:0
LF:0
end_of_record
SF:src/Routines/SearchDIA/PSMs/ScoredPSMs.jl
DA:9,23266
DA:39,12866
DA:103,0
DA:104,0
DA:107,0
DA:108,0
DA:111,0
DA:112,0
DA:115,30913
DA:132,15431
DA:133,15442
DA:134,15442
DA:136,38561
DA:137,46294
DA:138,23174
DA:140,23211
DA:143,15438
DA:145,25152
DA:157,25188
DA:158,1996
DA:159,1996
DA:162,23198
DA:163,0
DA:166,23210
DA:167,23211
DA:168,23202
DA:169,23203
DA:194,23277
DA:195,23277
DA:196,35039
DA:197,15494
DA:200,16636
DA:222,8314
DA:233,21161
DA:234,25710
DA:235,12858
DA:237,12855
DA:239,8315
DA:240,8315
DA:241,8315
DA:243,39980
DA:259,39990
DA:260,27153
DA:261,27153
DA:264,12865
DA:265,0
DA:268,12864
DA:270,12864
DA:271,12864
DA:272,12859
DA:307,12863
DA:308,71656
DA:309,8320
DA:312,0
DA:324,0
DA:325,0
DA:326,0
DA:328,0
DA:336,0
DA:337,0
DA:338,0
DA:341,0
DA:342,0
DA:344,0
DA:345,0
DA:346,0
DA:368,0
DA:369,0
DA:370,0
LH:45
LF:69
end_of_record
SF:src/Routines/SearchDIA/PSMs/UnscoredPSMs.jl
DA:4,246826
DA:15,60270
DA:20,254147
DA:38,75014
DA:41,35000
DA:49,35000
DA:58,23796
DA:64,23798
DA:65,368396
DA:66,368391
DA:67,367634
DA:68,368301
DA:69,540936
DA:72,188275
DA:74,188278
DA:75,188279
DA:76,188283
DA:77,188289
DA:78,188289
DA:79,188289
DA:80,188209
DA:81,188208
DA:82,188208
DA:84,188206
DA:85,188207
DA:86,65899
DA:89,188197
DA:90,71470
DA:93,188196
DA:94,55848
DA:95,133755
DA:96,133900
DA:97,0
DA:98,0
DA:102,0
DA:106,188105
DA:107,188075
DA:108,188084
DA:109,188051
DA:111,188059
DA:124,180181
DA:126,180163
DA:127,180166
DA:128,180160
DA:129,180160
DA:130,180160
DA:131,180161
DA:132,180163
DA:133,180164
DA:134,180164
DA:135,180166
DA:136,180139
DA:137,180140
DA:138,180143
DA:139,180142
DA:140,180142
DA:142,180140
DA:143,54712
DA:144,54683
DA:145,31085
DA:147,54687
DA:148,25222
DA:151,126146
DA:152,63371
DA:154,126144
DA:155,51054
DA:157,126197
DA:160,53439
DA:161,53439
DA:162,53414
DA:163,52491
DA:165,73435
DA:166,73483
DA:167,73482
DA:168,73469
DA:169,57340
DA:171,0
DA:172,0
DA:174,0
DA:178,180080
DA:179,180078
DA:181,180078
DA:183,180000
DA:202,0
DA:204,0
DA:205,0
DA:206,0
DA:207,0
DA:208,0
DA:209,0
DA:211,0
DA:212,0
DA:213,0
DA:215,0
DA:216,0
DA:217,0
DA:218,0
DA:219,0
DA:220,0
DA:223,0
LH:77
LF:100
end_of_record
SF:src/Routines/SearchDIA/PSMs/spectralDistanceMetrics.jl
DA:4,39893
DA:17,25296
DA:36,31025
DA:41,15501
DA:45,25205
DA:46,25236
DA:47,25236
DA:49,340539
DA:50,0
DA:52,340768
DA:53,341687
DA:54,657981
DA:56,25286
DA:58,25349
DA:59,25380
DA:60,18625
DA:61,18622
DA:64,18619
DA:65,18587
DA:69,32
DA:71,32
DA:72,32
DA:73,32
DA:74,32
DA:75,32
DA:76,32
DA:77,32
DA:78,32
DA:80,25291
DA:89,25320
DA:92,43483
DA:97,43427
DA:98,43428
DA:99,43429
DA:100,43429
DA:104,43460
DA:105,43460
DA:107,43460
DA:108,573161
DA:109,573021
DA:110,571679
DA:111,327594
DA:113,571504
DA:116,43612
DA:117,43606
DA:119,43558
DA:120,43561
DA:122,43560
DA:123,43561
DA:125,43562
DA:126,43416
DA:128,43389
DA:129,43393
DA:130,43393
DA:132,43376
DA:133,43372
DA:135,43369
DA:136,43367
DA:137,538761
DA:138,0
DA:141,538893
DA:142,538889
DA:144,538993
DA:145,539177
DA:147,539177
DA:148,313809
DA:150,236618
DA:154,538592
DA:155,538584
DA:157,1035020
DA:158,1035269
DA:160,1034087
DA:162,537999
DA:163,537943
DA:164,120662
DA:165,120655
DA:166,120513
DA:169,536963
DA:170,1036845
DA:173,43160
DA:174,43193
DA:176,86383
DA:177,86705
DA:179,43408
DA:180,574963
DA:182,575506
DA:185,575576
DA:188,43817
DA:189,43770
DA:190,87446
DA:191,43740
DA:192,43697
DA:193,43707
DA:194,43331
DA:196,43334
DA:198,16625
DA:207,37525247
DA:213,22735
DA:214,8309
DA:215,8309
DA:217,8314
DA:218,1087391
DA:219,1079238
DA:221,2166529
DA:223,8320
DA:224,39899
DA:225,39896
DA:226,39899
DA:227,1082567
DA:228,2125658
DA:229,71549
DA:234,8313
DA:236,39877
DA:237,39851
DA:238,39850
DA:239,1077127
DA:240,1080465
DA:241,2122040
DA:243,39984
DA:247,39915
DA:248,39915
DA:249,39912
DA:251,79690
DA:252,59017
DA:255,78262
DA:256,39942
DA:258,40016
DA:260,19248
DA:263,39942
DA:264,39883
DA:265,39891
DA:267,40040
DA:270,39962
DA:281,39861
DA:285,58840
DA:287,58844
DA:288,58753
DA:289,58755
DA:290,58763
DA:294,58735
DA:295,58738
DA:297,58739
DA:298,1564468
DA:299,1563373
DA:300,1562480
DA:301,1562505
DA:302,1565031
DA:303,311674
DA:305,1565603
DA:307,58988
DA:308,58988
DA:309,58989
DA:310,58891
DA:311,58891
DA:312,58894
DA:313,58894
DA:314,58895
DA:315,58896
DA:317,58892
DA:318,58846
DA:319,58847
DA:320,58793
DA:321,58795
DA:322,58797
DA:323,58796
DA:324,58795
DA:325,58796
DA:326,58758
DA:327,58757
DA:329,58756
DA:330,58754
DA:332,1452224
DA:333,1454086
DA:336,1457367
DA:337,1459203
DA:338,1459315
DA:341,1459105
DA:342,1459037
DA:344,1459150
DA:345,1459347
DA:348,1459365
DA:349,1459357
DA:351,1458007
DA:352,303703
DA:353,303741
DA:354,303635
DA:356,303638
DA:357,303635
DA:358,303634
DA:359,115787
DA:362,1180281
DA:363,1181267
DA:364,1181276
DA:365,1181335
DA:366,209482
DA:372,1456775
DA:373,1449168
DA:375,1456907
DA:376,1976455
DA:377,115587
DA:378,115472
DA:379,115476
DA:382,1455754
DA:383,2860533
DA:386,58517
DA:387,1577350
DA:388,1577672
DA:389,1577240
DA:390,1577847
DA:393,59068
DA:394,59066
DA:396,59068
DA:397,59067
DA:399,58997
DA:400,59009
DA:401,59031
DA:402,58998
DA:403,59029
DA:404,59048
DA:405,59035
DA:407,59086
DA:413,0
DA:422,0
DA:423,0
DA:424,0
DA:426,0
DA:427,0
DA:428,0
DA:430,0
DA:432,0
DA:433,0
DA:434,0
DA:435,0
DA:436,0
DA:437,0
DA:438,0
DA:440,0
DA:442,0
DA:443,0
DA:444,0
DA:445,0
DA:446,0
DA:447,0
DA:448,0
DA:450,0
DA:451,0
DA:452,0
DA:453,0
DA:454,0
DA:455,0
DA:456,0
DA:457,0
DA:458,0
DA:459,0
DA:461,0
DA:464,0
DA:465,0
DA:468,0
DA:469,0
DA:470,0
DA:473,0
DA:474,0
DA:475,0
DA:477,0
DA:478,0
DA:479,0
DA:480,0
DA:481,0
DA:483,0
DA:484,0
DA:485,0
DA:486,0
DA:489,0
DA:490,0
DA:491,0
DA:492,0
DA:493,0
DA:496,0
DA:497,0
DA:498,0
DA:500,0
DA:501,0
DA:502,0
DA:503,0
DA:505,0
DA:515,0
DA:517,0
DA:519,0
DA:520,0
DA:521,0
DA:523,0
DA:524,0
DA:525,0
DA:528,0
DA:532,0
DA:533,0
DA:534,0
DA:535,0
DA:536,0
DA:537,0
DA:538,0
DA:539,0
DA:540,0
DA:541,0
DA:542,0
DA:543,0
DA:544,0
DA:545,0
DA:546,0
DA:547,0
DA:548,0
DA:550,0
DA:551,0
DA:552,0
DA:553,0
DA:554,0
DA:555,0
DA:557,0
DA:558,0
DA:559,0
DA:561,0
DA:562,0
DA:563,0
DA:564,0
DA:565,0
DA:566,0
DA:568,0
DA:573,0
DA:574,0
DA:575,0
DA:576,0
DA:577,0
DA:578,0
DA:579,0
DA:580,0
DA:581,0
DA:582,0
DA:585,0
DA:586,0
DA:587,0
DA:591,0
DA:593,0
DA:595,0
DA:596,0
DA:597,0
DA:599,0
DA:600,0
DA:601,0
DA:604,0
DA:607,0
DA:608,0
DA:609,0
DA:611,0
DA:612,0
DA:614,0
DA:615,0
DA:616,0
DA:617,0
DA:618,0
DA:619,0
DA:620,0
DA:621,0
DA:622,0
DA:623,0
DA:679,0
DA:681,0
DA:683,0
DA:684,0
DA:685,0
DA:687,0
DA:688,0
DA:689,0
DA:692,0
DA:695,0
DA:696,0
DA:697,0
DA:698,0
DA:699,0
DA:700,0
DA:701,0
DA:702,0
DA:703,0
DA:704,0
DA:705,0
DA:706,0
DA:707,0
DA:708,0
DA:709,0
DA:710,0
DA:711,0
DA:712,0
DA:713,0
DA:714,0
DA:715,0
DA:716,0
DA:717,0
DA:719,0
DA:720,0
DA:721,0
DA:723,0
DA:724,0
DA:725,0
DA:726,0
DA:727,0
DA:728,0
DA:730,0
DA:733,0
DA:734,0
DA:735,0
DA:736,0
DA:737,0
DA:738,0
DA:739,0
DA:740,0
DA:741,0
DA:742,0
DA:745,0
DA:746,0
DA:747,0
DA:751,0
DA:1446,0
DA:1447,0
DA:1448,0
DA:1450,0
DA:1451,0
DA:1452,0
DA:1454,0
DA:1455,0
DA:1456,0
DA:1458,0
DA:1460,0
DA:1461,0
DA:1462,0
DA:1464,0
DA:1465,0
DA:1466,0
DA:1468,0
DA:1470,0
DA:1472,0
DA:1473,0
DA:1474,0
DA:1475,0
DA:1476,0
DA:1477,0
DA:1478,0
DA:1479,0
DA:1481,0
DA:1483,0
DA:1484,0
DA:1485,0
DA:1487,0
DA:1488,0
DA:1489,0
DA:1490,0
DA:1491,0
DA:1492,0
DA:1493,0
DA:1495,0
DA:1496,0
DA:1497,0
DA:1498,0
DA:1499,0
DA:1500,0
DA:1501,0
DA:1503,0
DA:1505,0
DA:1506,0
DA:1507,0
DA:1508,0
DA:1509,0
DA:1510,0
DA:1512,0
DA:1513,0
DA:1514,0
DA:1515,0
DA:1516,0
DA:1517,0
DA:1518,0
DA:1520,0
DA:1521,0
DA:1522,0
DA:1523,0
DA:1524,0
DA:1525,0
DA:1527,0
DA:1530,0
DA:1531,0
DA:1532,0
DA:1538,43689
DA:1540,43698
DA:1541,43698
DA:1542,43697
DA:1544,43696
DA:1545,43696
DA:1546,43692
DA:1549,43691
DA:1550,4118845
DA:1551,18580
DA:1556,546390
DA:1557,546445
DA:1558,546556
DA:1559,546349
DA:1560,546383
DA:1561,544514
DA:1562,544035
DA:1563,1083659
DA:1564,43281
DA:1565,43286
DA:1566,43351
DA:1567,43393
DA:1568,43299
DA:1569,0
DA:1570,0
DA:1571,0
DA:1572,0
DA:1573,0
DA:1574,0
DA:1577,0
DA:1578,0
DA:1579,0
DA:1580,0
DA:1581,0
DA:1582,43279
DA:1584,43278
DA:1585,43279
DA:1586,43270
DA:1588,43226
DA:1589,43223
DA:1590,43219
DA:1591,43217
DA:1592,43216
DA:1593,43216
DA:1595,43214
DA:1596,3656559
DA:1597,18586
DA:1603,487026
DA:1604,481092
DA:1605,494154
DA:1606,485603
DA:1607,490243
DA:1608,496061
DA:1609,488873
DA:1610,489165
DA:1611,489170
DA:1612,972987
DA:1615,43270
DA:1616,43314
DA:1617,43340
DA:1621,43345
LH:269
LF:549
end_of_record
SF:src/Routines/SearchDIA/ParseInputs/loadSpectralLibrary.jl
DA:47,1
DA:49,1
DA:50,1
DA:51,1
DA:54,1
DA:55,1
DA:56,1
DA:59,1
DA:60,1
DA:61,1
DA:62,1
DA:63,1
DA:64,2
DA:65,0
DA:67,0
DA:69,0
DA:70,0
DA:78,0
DA:79,0
DA:83,1
DA:89,2
DA:91,1
DA:92,1
DA:97,1
DA:102,1
DA:103,1
DA:104,1
DA:106,2
DA:107,1
DA:114,0
LH:23
LF:30
end_of_record
SF:src/Routines/SearchDIA/ParseInputs/paramsChecks.jl
DA:8,1
DA:9,1
DA:11,101
DA:12,100
DA:13,0
DA:14,100
DA:15,0
DA:20,9
DA:25,1
DA:26,9
DA:27,9
DA:30,1
DA:31,1
DA:32,1
DA:33,1
DA:34,1
DA:35,1
DA:36,1
DA:37,1
DA:38,1
DA:40,1
DA:41,1
DA:42,1
DA:43,1
DA:44,1
DA:47,1
DA:48,1
DA:49,1
DA:50,1
DA:51,1
DA:52,1
DA:53,1
DA:54,1
DA:55,1
DA:56,1
DA:57,1
DA:58,1
DA:60,1
DA:61,1
DA:62,1
DA:63,1
DA:64,1
DA:65,1
DA:68,1
DA:69,1
DA:70,1
DA:71,1
DA:72,1
DA:73,1
DA:74,1
DA:75,1
DA:76,1
DA:77,1
DA:78,1
DA:80,1
DA:81,1
DA:82,1
DA:83,1
DA:84,1
DA:85,1
DA:87,1
DA:88,1
DA:89,1
DA:90,1
DA:92,1
DA:93,1
DA:94,1
DA:96,1
DA:97,1
DA:98,1
DA:99,1
DA:100,1
DA:101,1
DA:102,1
DA:103,1
DA:105,1
DA:106,1
DA:107,1
DA:108,1
DA:111,1
DA:112,1
DA:113,1
DA:114,1
DA:115,1
DA:116,1
DA:117,1
DA:120,1
DA:121,1
DA:122,1
DA:123,1
DA:124,1
DA:127,1
DA:128,1
DA:129,1
DA:131,1
DA:132,1
DA:133,1
DA:134,1
DA:135,1
DA:136,1
DA:137,1
DA:138,1
DA:139,1
DA:141,1
DA:142,1
DA:143,1
DA:144,1
DA:145,1
DA:146,1
DA:147,1
DA:150,1
DA:151,1
DA:154,1
DA:155,1
DA:158,1
DA:159,1
DA:160,1
DA:161,1
DA:162,1
DA:165,1
DA:166,1
DA:167,1
DA:168,1
DA:170,1
LH:122
LF:124
end_of_record
SF:src/Routines/SearchDIA/ParseInputs/parseFileNames.jl
DA:1,1
DA:3,1
DA:7,1
DA:10,1
DA:11,1
DA:12,1
DA:14,1
DA:15,1
DA:16,1
DA:17,2
DA:18,1
DA:19,3
DA:20,6
DA:21,9
DA:22,5
DA:23,3
DA:24,2
DA:25,3
DA:26,1
DA:28,5
DA:29,2
DA:30,1
DA:31,1
DA:32,2
DA:33,3
DA:35,0
DA:38,3
DA:39,4
DA:40,0
DA:42,2
DA:44,1
LH:29
LF:31
end_of_record
SF:src/Routines/SearchDIA/ParseInputs/parseParams.jl
DA:2,1
DA:16,0
DA:17,0
DA:18,0
DA:19,0
DA:20,0
DA:21,0
DA:22,0
DA:23,0
DA:24,0
DA:28,1
DA:30,1
DA:33,26
DA:35,25
DA:37,50
DA:38,98
DA:39,98
DA:40,14
DA:42,84
DA:44,171
DA:46,25
DA:49,2
DA:50,1
DA:51,3
DA:53,1
DA:57,1
DA:58,1
DA:59,1
DA:60,1
DA:61,1
DA:62,1
DA:63,1
DA:64,1
DA:65,1
DA:66,1
DA:67,1
DA:69,1
LH:28
LF:37
end_of_record
SF:src/Routines/SearchDIA/SearchMethods/FirstPassSearch/FirstPassSearch.jl
DA:46,1
DA:57,1
DA:103,1
DA:105,1
DA:106,1
DA:107,1
DA:108,1
DA:109,1
DA:110,1
DA:112,1
DA:114,2
DA:116,1
DA:155,1
DA:156,2
DA:158,1
DA:162,2
DA:163,1
DA:164,1
DA:165,2
DA:166,2
DA:167,1
DA:168,1
DA:184,2
DA:192,2
DA:195,4
DA:201,2
DA:206,2
DA:209,0
DA:212,4
DA:220,0
DA:223,4
DA:229,2
DA:230,2
DA:238,2
DA:240,2
DA:243,2
DA:245,2
DA:251,2
DA:254,0
DA:257,4
DA:264,2
DA:277,2
DA:278,2
DA:279,2
DA:280,2
DA:283,0
DA:286,4
DA:291,30
DA:302,2
DA:303,0
DA:308,20
DA:311,2
DA:312,2
DA:313,2
DA:322,24
DA:326,2
DA:337,20
DA:339,2
DA:340,2
DA:343,2
DA:345,2
DA:346,4
DA:348,2
DA:349,2
DA:350,2
DA:351,2
DA:368,2
DA:369,0
DA:370,0
DA:371,0
DA:372,0
DA:373,0
DA:374,0
DA:375,0
DA:376,0
DA:380,2
DA:381,2
DA:382,4
DA:385,0
DA:386,0
DA:389,2
DA:395,2
DA:402,2
DA:403,2
DA:404,2
DA:405,2
DA:406,2
DA:410,0
DA:411,0
DA:415,2
DA:416,4
DA:417,2
DA:418,2
DA:423,2
DA:427,2
DA:428,2
DA:430,4
DA:431,2
DA:433,2
DA:439,2
DA:440,2
DA:441,2
DA:442,2
DA:448,1
DA:454,1
DA:457,2
DA:462,1
DA:465,1
DA:473,1
DA:475,1
DA:477,1
DA:479,1
DA:487,0
DA:488,0
DA:489,0
DA:490,0
DA:491,0
DA:492,0
DA:493,0
DA:494,0
DA:499,0
DA:500,0
DA:501,0
DA:503,0
DA:506,0
DA:508,2
DA:509,1246
DA:510,1246
DA:513,1
DA:515,1
DA:517,1
DA:520,1
DA:521,2
DA:522,1
DA:523,1
DA:524,1
DA:527,0
DA:529,1
DA:532,1
DA:533,1
LH:109
LF:140
end_of_record
SF:src/Routines/SearchDIA/SearchMethods/FirstPassSearch/getBestPrecursorsAccrossRuns.jl
DA:32,2
DA:39,3
DA:57,2
DA:59,2457
DA:60,2457
DA:61,2457
DA:62,2457
DA:63,2457
DA:64,2457
DA:67,2457
DA:68,2457
DA:69,2457
DA:70,2457
DA:71,2457
DA:75,3697
DA:77,1118
DA:80,1118
DA:81,341
DA:82,341
DA:83,341
DA:84,341
DA:88,1118
DA:89,2236
DA:90,1118
DA:101,1339
DA:109,1339
DA:111,2457
DA:113,3
DA:127,2
DA:129,2457
DA:132,2457
DA:133,2457
DA:135,2457
DA:136,0
DA:138,2991
DA:140,2333
DA:141,4666
DA:142,2333
DA:153,2457
DA:156,1
DA:167,1
DA:168,1
DA:169,2
DA:171,2
DA:173,2
DA:184,3
DA:185,1
DA:187,60057
DA:188,1
DA:189,1
DA:190,1339
DA:191,1339
DA:192,93
DA:194,1339
DA:197,1
DA:198,2
DA:200,2
DA:208,3
DA:211,1
LH:58
LF:59
end_of_record
SF:src/Routines/SearchDIA/SearchMethods/FirstPassSearch/utils.jl
DA:33,2
DA:47,2
DA:48,4
DA:49,4
DA:50,22714
DA:51,22714
DA:52,22714
DA:53,22714
DA:54,4
DA:55,22714
DA:56,22714
DA:57,22714
DA:58,2
DA:59,2
DA:60,2
DA:61,2
DA:62,14467
DA:63,14465
DA:67,2
DA:68,2
DA:69,2
DA:71,2
DA:72,283
DA:73,284
DA:74,13941
DA:76,14013
DA:77,14349
DA:78,14153
DA:79,13474
DA:80,13509
DA:81,13513
DA:82,13597
DA:83,13659
DA:84,13684
DA:85,13768
DA:86,13934
DA:89,2
DA:90,2
DA:91,2
DA:92,2
DA:93,2
DA:94,2
DA:95,2
DA:96,2
DA:97,2
DA:98,2
DA:99,2
DA:100,2
DA:101,22714
DA:102,22714
DA:103,2
DA:128,8
DA:135,54
DA:136,4
DA:138,4
DA:139,4
DA:140,4
DA:141,4
DA:143,4
DA:144,6
DA:145,4
DA:148,6
DA:149,4
DA:152,6
DA:153,6
DA:154,6
DA:155,6
DA:156,6
DA:157,4
DA:158,6
DA:160,2
DA:175,2
DA:179,22714
DA:180,2
DA:181,2
DA:182,2
DA:183,2
DA:184,2
DA:185,252
DA:186,250
DA:187,7833
DA:188,7770
DA:191,2
DA:192,2
DA:193,2
DA:217,4
DA:224,22714
DA:226,22714
DA:228,22714
DA:230,22714
DA:235,2
DA:236,4
DA:240,2565
DA:241,2565
DA:242,2565
DA:243,2565
DA:244,2565
DA:245,22714
DA:246,9094
DA:247,9094
DA:249,22714
DA:250,7097
DA:251,7097
DA:253,42863
DA:255,2565
DA:258,2565
DA:259,5822
DA:261,4728
DA:262,4881
DA:263,3257
DA:265,1471
DA:267,3257
DA:268,3257
DA:270,2565
DA:271,6257
DA:273,5201
DA:274,4028
DA:275,3692
DA:277,1509
DA:279,3692
DA:280,3692
DA:282,2565
DA:283,2565
DA:284,5128
DA:286,22716
DA:287,2
DA:289,2
DA:291,2
DA:292,24
DA:294,2
DA:295,2
DA:296,2
DA:300,2457
DA:301,2
DA:302,2
DA:303,1467
DA:304,0
DA:305,2
DA:307,2
DA:328,1
DA:333,1
DA:335,1
DA:339,2
DA:340,2
DA:341,2
DA:342,2
DA:343,2
DA:344,2
DA:350,2
DA:357,2
DA:358,2
DA:360,0
DA:362,0
DA:364,3
DA:365,1
DA:394,1
DA:403,1
DA:404,1
DA:407,1
DA:409,1
DA:411,1247
DA:415,2
DA:416,1
DA:419,1
DA:426,2
DA:427,2
DA:428,2
DA:447,1
DA:468,3
DA:472,1
DA:473,1247
DA:474,1
DA:475,0
DA:478,2334
DA:479,1
DA:480,0
DA:482,1
DA:486,1
DA:488,3
LH:174
LF:179
end_of_record
SF:src/Routines/SearchDIA/SearchMethods/HuberTuningSearch/HuberTuningSearch.jl
DA:36,1
DA:46,1
DA:82,1
DA:84,1
DA:85,1
DA:86,1
DA:88,1
DA:89,1
DA:90,1
DA:91,27
DA:92,1
DA:95,2
DA:96,1
DA:97,1
DA:98,1
DA:99,0
DA:100,0
DA:101,0
DA:102,0
DA:104,0
DA:105,0
DA:108,1
DA:140,1
DA:142,1
DA:143,1
DA:153,2
DA:161,2
DA:162,2
DA:164,0
DA:165,0
DA:170,0
DA:171,0
DA:172,0
DA:175,0
DA:176,0
DA:179,0
DA:182,0
DA:192,0
DA:195,0
DA:198,0
DA:201,2
DA:208,2
DA:214,1
DA:220,1
DA:221,1
DA:222,2
DA:223,1
DA:224,1
DA:226,0
DA:228,0
DA:231,0
DA:236,0
DA:238,0
DA:239,0
DA:241,0
DA:242,0
DA:245,0
DA:246,0
DA:247,0
DA:248,0
DA:249,0
DA:253,2
DA:254,2
LH:32
LF:63
end_of_record
SF:src/Routines/SearchDIA/SearchMethods/HuberTuningSearch/utils.jl
DA:24,0
DA:25,0
DA:26,0
DA:28,0
DA:29,0
DA:36,0
DA:37,0
DA:43,0
DA:45,0
DA:48,0
DA:49,0
DA:50,0
DA:52,0
DA:53,0
DA:54,0
DA:55,0
DA:57,0
DA:74,0
DA:75,0
DA:76,0
DA:77,0
DA:78,0
DA:80,0
DA:81,0
DA:82,0
DA:110,0
DA:119,0
DA:121,0
DA:142,0
DA:166,0
DA:177,0
DA:185,0
DA:186,0
DA:187,0
DA:188,0
DA:191,0
DA:192,0
DA:193,0
DA:196,0
DA:200,0
DA:201,0
DA:202,0
DA:204,0
DA:205,0
DA:208,0
DA:209,0
DA:210,0
DA:213,0
DA:214,0
DA:217,0
DA:218,0
DA:219,0
DA:220,0
DA:222,0
DA:228,0
DA:237,0
DA:240,0
DA:254,0
DA:256,0
DA:278,0
DA:288,0
DA:325,0
DA:333,0
DA:364,0
DA:379,0
DA:389,0
DA:391,0
DA:392,0
DA:393,0
DA:394,0
DA:395,0
DA:399,0
DA:400,0
DA:402,0
DA:405,0
DA:406,0
DA:422,0
DA:423,0
DA:424,0
DA:427,0
DA:430,0
DA:431,0
DA:432,0
DA:433,0
DA:434,0
DA:436,0
DA:437,0
DA:439,0
DA:440,0
DA:458,0
DA:464,0
DA:465,0
DA:470,0
DA:471,0
DA:472,0
DA:475,0
DA:476,0
DA:477,0
DA:479,0
DA:480,0
DA:482,0
DA:502,0
DA:506,0
DA:507,0
DA:508,0
DA:510,0
DA:511,0
DA:512,0
DA:513,0
DA:514,0
DA:515,0
DA:517,0
DA:520,0
DA:538,0
DA:543,0
DA:544,0
DA:546,0
DA:547,0
DA:548,0
DA:549,0
DA:550,0
DA:551,0
DA:552,0
DA:554,0
DA:556,0
DA:557,0
LH:0
LF:126
end_of_record
SF:src/Routines/SearchDIA/SearchMethods/IntegrateChromatogramsSearch/IntegrateChromatogramsSearch.jl
DA:12,1
DA:58,0
DA:60,0
DA:61,0
DA:62,0
DA:63,0
DA:64,0
DA:65,0
DA:68,0
DA:70,0
DA:72,0
DA:75,0
DA:76,0
DA:78,0
DA:79,0
DA:80,0
DA:81,0
DA:82,0
DA:83,0
DA:84,0
DA:85,0
DA:87,0
DA:88,0
DA:90,0
DA:124,0
DA:126,0
DA:127,0
DA:135,0
DA:142,0
DA:144,0
DA:151,0
DA:157,0
DA:160,0
DA:161,0
DA:167,0
DA:168,0
DA:169,0
DA:170,0
DA:171,0
DA:172,0
DA:173,0
DA:174,0
DA:175,0
DA:176,0
DA:180,0
DA:193,0
DA:194,0
DA:203,0
DA:204,0
DA:210,0
DA:224,0
DA:228,0
DA:245,0
DA:246,0
DA:266,0
DA:269,0
DA:272,0
DA:273,0
DA:276,0
DA:279,0
DA:286,0
DA:287,0
DA:288,0
DA:290,0
DA:297,0
DA:299,0
DA:300,0
DA:302,0
DA:305,0
DA:306,0
DA:307,0
DA:308,0
DA:311,0
DA:316,0
LH:1
LF:74
end_of_record
SF:src/Routines/SearchDIA/SearchMethods/IntegrateChromatogramsSearch/integrate_chrom.jl
DA:23,0
DA:24,0
DA:25,0
DA:26,0
DA:27,0
DA:28,0
DA:63,0
DA:77,0
DA:82,0
DA:83,0
DA:86,0
DA:87,0
DA:88,0
DA:89,0
DA:92,0
DA:93,0
DA:94,0
DA:97,0
DA:99,0
DA:100,0
DA:101,0
DA:102,0
DA:105,0
DA:106,0
DA:107,0
DA:108,0
DA:111,0
DA:114,0
DA:115,0
DA:116,0
DA:118,0
DA:119,0
DA:120,0
DA:122,0
DA:123,0
DA:124,0
DA:127,0
DA:128,0
DA:130,0
DA:131,0
DA:134,0
DA:135,0
DA:137,0
DA:140,0
DA:145,0
DA:146,0
DA:147,0
DA:148,0
DA:149,0
DA:150,0
DA:151,0
DA:152,0
DA:153,0
DA:156,0
DA:161,0
DA:162,0
DA:163,0
DA:165,0
DA:166,0
DA:167,0
DA:168,0
DA:170,0
DA:171,0
DA:174,0
DA:188,0
DA:195,0
DA:196,0
DA:197,0
DA:202,0
DA:203,0
DA:207,0
DA:208,0
DA:209,0
DA:210,0
DA:212,0
DA:214,0
DA:215,0
DA:216,0
DA:218,0
DA:220,0
DA:224,0
DA:225,0
DA:226,0
DA:227,0
DA:229,0
DA:231,0
DA:232,0
DA:233,0
DA:235,0
DA:237,0
DA:240,0
DA:241,0
DA:243,0
DA:247,0
DA:256,0
DA:257,0
DA:259,0
DA:261,0
DA:266,0
DA:267,0
DA:268,0
DA:269,0
DA:270,0
DA:272,0
DA:273,0
DA:274,0
DA:277,0
DA:285,0
DA:286,0
DA:287,0
DA:290,0
DA:291,0
DA:292,0
DA:293,0
DA:294,0
DA:296,0
DA:299,0
DA:300,0
DA:301,0
DA:302,0
DA:303,0
DA:305,0
DA:308,0
DA:309,0
DA:311,0
DA:312,0
DA:316,0
DA:317,0
DA:318,0
DA:319,0
DA:320,0
DA:323,0
DA:326,0
DA:327,0
DA:328,0
DA:329,0
DA:330,0
DA:332,0
DA:336,0
DA:337,0
DA:339,0
DA:340,0
DA:341,0
DA:342,0
DA:343,0
DA:344,0
DA:345,0
DA:346,0
DA:347,0
DA:348,0
DA:351,0
DA:356,0
DA:364,0
DA:370,0
DA:377,0
DA:385,0
DA:394,0
DA:404,0
DA:406,0
DA:407,0
DA:408,0
DA:409,0
DA:410,0
DA:411,0
DA:419,0
DA:420,0
DA:423,0
LH:0
LF:167
end_of_record
SF:src/Routines/SearchDIA/SearchMethods/IntegrateChromatogramsSearch/utils.jl
DA:26,0
DA:43,0
DA:44,0
DA:45,0
DA:47,0
DA:48,0
DA:49,0
DA:51,0
DA:53,0
DA:54,0
DA:55,0
DA:57,0
DA:58,0
DA:60,0
DA:65,0
DA:66,0
DA:67,0
DA:68,0
DA:70,0
DA:71,0
DA:72,0
DA:74,0
DA:75,0
DA:78,0
DA:79,0
DA:80,0
DA:81,0
DA:82,0
DA:83,0
DA:84,0
DA:85,0
DA:86,0
DA:88,0
DA:89,0
DA:90,0
DA:91,0
DA:92,0
DA:93,0
DA:95,0
DA:96,0
DA:97,0
DA:98,0
DA:100,0
DA:101,0
DA:104,0
DA:105,0
DA:108,0
DA:121,0
DA:122,0
DA:123,0
DA:126,0
DA:133,9
DA:134,2
DA:145,0
DA:154,0
DA:155,0
DA:157,0
DA:160,0
DA:162,0
DA:163,0
DA:164,0
DA:165,0
DA:167,0
DA:180,0
DA:198,0
DA:210,0
DA:211,0
DA:212,0
DA:213,0
DA:214,0
DA:217,0
DA:218,0
DA:219,0
DA:220,0
DA:221,0
DA:222,0
DA:223,0
DA:224,0
DA:225,0
DA:226,0
DA:228,0
DA:229,0
DA:232,0
DA:233,0
DA:234,0
DA:237,0
DA:238,0
DA:241,0
DA:242,0
DA:243,0
DA:244,0
DA:245,0
DA:246,0
DA:252,0
DA:278,0
DA:291,0
DA:294,0
DA:295,0
DA:297,0
DA:307,0
DA:308,0
DA:309,0
DA:310,0
DA:311,0
DA:315,0
DA:316,0
DA:318,0
DA:321,0
DA:323,0
DA:339,0
DA:340,0
DA:341,0
DA:342,0
DA:345,0
DA:346,0
DA:353,0
DA:360,0
DA:363,0
DA:364,0
DA:366,0
DA:370,0
DA:371,0
DA:372,0
DA:373,0
DA:376,0
DA:382,0
DA:386,0
DA:387,0
DA:388,0
DA:389,0
DA:390,0
DA:391,0
DA:393,0
DA:411,0
DA:423,0
DA:424,0
DA:425,0
DA:426,0
DA:427,0
DA:428,0
DA:429,0
DA:430,0
DA:431,0
DA:432,0
DA:433,0
DA:434,0
DA:435,0
DA:436,0
DA:437,0
DA:441,0
DA:442,0
DA:443,0
DA:444,0
DA:445,0
DA:446,0
DA:447,0
DA:448,0
DA:450,0
DA:454,0
DA:455,0
DA:457,0
DA:459,0
DA:460,0
DA:461,0
DA:464,0
DA:465,0
DA:466,0
DA:467,0
DA:468,0
DA:469,0
DA:470,0
DA:471,0
DA:472,0
DA:473,0
DA:475,0
DA:476,0
DA:477,0
DA:478,0
DA:479,0
DA:481,0
DA:482,0
DA:484,0
DA:485,0
DA:486,0
DA:487,0
DA:488,0
DA:489,0
DA:490,0
DA:491,0
DA:492,0
DA:494,0
DA:496,0
DA:501,0
DA:502,0
DA:503,0
DA:505,0
DA:519,0
DA:522,0
DA:523,0
DA:524,0
DA:534,0
DA:535,0
DA:536,0
DA:537,0
DA:538,0
DA:542,0
DA:543,0
DA:545,0
DA:548,0
DA:549,0
DA:563,0
DA:564,0
DA:565,0
DA:570,0
DA:571,0
DA:572,0
DA:573,0
DA:574,0
DA:575,0
DA:576,0
DA:577,0
DA:578,0
DA:579,0
DA:580,0
DA:581,0
DA:582,0
DA:583,0
DA:584,0
DA:587,0
DA:588,0
DA:589,0
DA:590,0
DA:593,0
DA:594,0
DA:603,0
DA:612,0
DA:615,0
DA:616,0
DA:618,0
DA:621,0
DA:622,0
DA:623,0
DA:624,0
DA:626,0
DA:634,0
DA:638,0
DA:639,0
DA:640,0
DA:641,0
DA:642,0
DA:643,0
DA:645,0
DA:664,0
DA:671,0
DA:672,0
DA:674,0
DA:675,0
DA:676,0
DA:677,0
DA:678,0
DA:679,0
DA:680,0
DA:681,0
DA:682,0
DA:683,0
DA:684,0
DA:685,0
DA:686,0
DA:687,0
DA:689,0
DA:690,0
DA:691,0
DA:692,0
DA:693,0
DA:694,0
DA:695,0
DA:701,0
DA:703,0
DA:704,0
DA:705,0
DA:706,0
DA:707,0
DA:708,0
DA:709,0
DA:710,0
DA:711,0
DA:712,0
DA:713,0
DA:714,0
DA:715,0
DA:717,0
DA:718,0
DA:719,0
DA:720,0
DA:721,0
DA:722,0
DA:723,0
DA:724,0
DA:725,0
DA:727,0
DA:743,0
DA:744,0
DA:746,0
DA:747,0
DA:748,0
DA:750,0
DA:752,0
DA:753,0
DA:754,0
DA:756,0
DA:757,0
DA:758,0
DA:759,0
DA:761,0
DA:763,0
LH:2
LF:315
end_of_record
SF:src/Routines/SearchDIA/SearchMethods/MaxLFQSearch/MaxLFQSearch.jl
DA:12,1
DA:52,0
DA:54,0
DA:55,0
DA:56,0
DA:57,0
DA:58,0
DA:60,0
DA:79,0
DA:81,0
DA:82,0
DA:94,0
DA:102,0
DA:108,0
DA:115,0
DA:118,0
DA:119,0
DA:125,0
DA:130,0
DA:132,0
DA:133,0
DA:134,0
DA:135,0
DA:136,0
DA:137,0
DA:139,0
DA:146,0
DA:148,0
DA:149,0
DA:152,0
DA:153,0
DA:159,0
DA:163,0
DA:164,0
DA:168,0
DA:169,0
DA:172,0
DA:173,0
DA:176,0
DA:181,0
DA:183,0
DA:190,0
DA:192,0
DA:195,0
DA:206,0
DA:207,0
DA:209,0
DA:211,0
DA:212,0
DA:222,0
DA:224,0
DA:225,0
DA:226,0
DA:236,0
DA:237,0
DA:238,0
DA:239,0
DA:243,0
DA:244,0
DA:247,0
LH:1
LF:60
end_of_record
SF:src/Routines/SearchDIA/SearchMethods/MaxLFQSearch/utils.jl
DA:4,0
DA:18,0
DA:19,0
DA:36,0
LH:0
LF:4
end_of_record
SF:src/Routines/SearchDIA/SearchMethods/NceTuningSearch/NceTuningSearch.jl
DA:36,1
DA:47,1
DA:78,1
DA:80,1
DA:81,1
DA:82,1
DA:83,1
DA:86,2
DA:89,1
DA:91,1
DA:120,1
DA:122,1
DA:126,1
DA:127,2
DA:128,1
DA:129,2
DA:130,1
DA:131,1
DA:146,2
DA:154,2
DA:155,2
DA:157,2
DA:159,0
DA:160,0
DA:162,0
DA:164,0
DA:165,0
DA:166,0
DA:168,0
DA:169,0
DA:170,0
DA:172,0
DA:175,0
DA:183,0
DA:186,0
DA:192,0
DA:195,0
DA:199,0
DA:201,0
DA:204,0
DA:208,0
DA:209,0
DA:212,0
DA:217,0
DA:219,0
DA:220,0
DA:221,0
DA:224,0
DA:225,0
DA:228,0
DA:234,2
DA:241,2
DA:242,2
DA:244,2
DA:251,1
DA:256,1
DA:257,1
DA:258,1
DA:259,1
DA:260,0
DA:263,0
DA:265,1
DA:266,1
DA:271,1
DA:274,1
DA:280,2
DA:281,2
DA:282,2
LH:38
LF:68
end_of_record
SF:src/Routines/SearchDIA/SearchMethods/NceTuningSearch/utils.jl
DA:30,0
DA:37,0
DA:38,0
DA:49,0
DA:50,0
DA:53,0
DA:54,0
DA:55,0
DA:59,0
DA:60,0
DA:61,0
DA:64,0
DA:70,0
DA:71,0
DA:72,0
DA:73,0
DA:74,0
DA:75,0
DA:77,0
LH:0
LF:19
end_of_record
SF:src/Routines/SearchDIA/SearchMethods/ParameterTuningSearch/ParameterTuningSearch.jl
DA:43,1
DA:54,1
DA:93,1
DA:95,1
DA:96,1
DA:97,1
DA:98,1
DA:99,1
DA:102,1
DA:105,2
DA:108,1
DA:141,4
DA:142,0
DA:143,4
DA:144,0
DA:146,2
DA:154,2
DA:155,2
DA:156,2
DA:157,4
DA:158,4
DA:161,2
DA:168,1
DA:170,1
DA:171,1
DA:172,2
DA:173,1
DA:174,2
DA:175,1
DA:176,2
DA:177,1
DA:178,2
DA:179,1
DA:180,1
DA:193,2
DA:201,0
DA:204,4
DA:211,0
DA:214,22
DA:222,20
DA:232,20
DA:233,20
DA:237,2
DA:238,2
DA:239,20
DA:240,20
DA:242,20
DA:244,20
DA:245,20
DA:247,0
DA:249,38
DA:250,2
DA:253,2
DA:254,2
DA:255,2
DA:258,2
DA:259,2
DA:260,2
DA:261,2
DA:262,2
DA:265,2
DA:268,2
DA:272,2
DA:273,2
DA:275,2
DA:276,0
DA:277,0
DA:279,2
DA:280,2
DA:282,0
DA:284,4
DA:286,0
DA:287,0
DA:288,0
DA:291,2
DA:297,2
DA:304,2
DA:305,2
DA:306,2
DA:307,2
DA:310,4
DA:311,2
DA:314,4
DA:315,2
DA:318,2
DA:320,2
DA:322,0
DA:323,0
DA:327,2
DA:328,2
DA:329,2
DA:330,2
DA:337,1
DA:343,1
DA:346,1
DA:347,2
DA:348,1
DA:349,1
DA:350,1
DA:353,0
DA:355,1
DA:358,1
DA:359,1
DA:365,1
DA:366,2
DA:367,1
DA:368,1
DA:369,1
DA:372,0
DA:374,1
DA:377,1
DA:378,1
DA:383,1
LH:98
LF:113
end_of_record
SF:src/Routines/SearchDIA/SearchMethods/ParameterTuningSearch/utils.jl
DA:27,20
DA:35,20
DA:36,707
DA:37,707
DA:38,707
DA:39,40
DA:40,707
DA:41,707
DA:42,707
DA:43,20
DA:44,20
DA:45,20
DA:47,20
DA:48,20
DA:49,20
DA:51,20
DA:52,1289
DA:53,1352
DA:54,667
DA:55,622
DA:56,623
DA:57,621
DA:58,620
DA:59,590
DA:60,601
DA:61,606
DA:64,20
DA:65,20
DA:66,20
DA:67,20
DA:68,20
DA:69,20
DA:70,20
DA:71,20
DA:72,20
DA:73,707
DA:74,707
DA:75,20
DA:103,20
DA:109,20
DA:111,20
DA:112,20
DA:114,20
DA:115,20
DA:117,20
DA:118,0
DA:119,0
DA:122,0
DA:123,0
DA:124,0
DA:125,0
DA:127,0
DA:128,0
DA:129,0
DA:132,20
DA:153,20
DA:154,160
DA:158,3975
DA:160,20
DA:161,20
DA:162,20
DA:163,20
DA:164,20
DA:165,160
DA:166,20
DA:167,20
DA:169,0
DA:202,2
DA:208,2
DA:216,2
DA:217,2
DA:218,2
DA:221,2
DA:223,2
DA:230,2
DA:256,4
DA:257,8
DA:258,4
DA:260,4
DA:261,2045
DA:262,2045
DA:263,1454
DA:265,591
DA:266,591
DA:268,4086
DA:269,4
DA:272,590
DA:273,590
DA:274,3515
DA:275,3515
DA:276,3515
DA:278,0
DA:280,6443
DA:281,590
DA:310,2
DA:327,2
DA:328,2
DA:329,2
DA:331,707
DA:332,2
DA:335,2
DA:336,28
DA:337,14
DA:338,13
DA:340,13
DA:341,59251
DA:342,28073
DA:345,583
DA:356,590
DA:369,587
DA:375,28259
DA:377,14
DA:380,2
DA:383,2
DA:400,2
DA:401,2
DA:402,2
DA:403,2
DA:404,2
DA:406,2
DA:407,2
DA:408,2
DA:409,2
DA:410,1338
DA:411,39886
DA:412,38548
DA:413,0
DA:414,0
DA:415,0
DA:416,0
DA:419,38548
DA:420,38548
DA:422,1338
DA:423,0
DA:425,1338
DA:427,2674
DA:428,1338
DA:429,2
DA:432,2
DA:433,28
DA:434,14
DA:435,14
DA:436,14
DA:437,11317
DA:438,12561
DA:439,14
DA:440,14
DA:441,14
DA:444,14
DA:448,12
DA:449,98
DA:450,90
DA:451,90
DA:452,0
DA:453,0
DA:454,0
DA:457,0
DA:458,0
DA:459,0
DA:460,0
DA:461,0
DA:462,0
DA:463,0
DA:464,0
DA:466,0
DA:467,0
DA:473,0
DA:474,0
DA:477,0
DA:480,0
DA:494,0
DA:495,0
DA:496,0
DA:497,0
DA:499,0
DA:500,0
DA:501,0
DA:503,0
DA:504,0
DA:507,0
DA:508,0
DA:509,0
DA:510,0
DA:511,0
DA:512,0
DA:513,0
DA:515,0
DA:517,0
DA:519,0
DA:520,0
DA:521,0
DA:522,0
DA:524,0
DA:525,0
DA:526,0
DA:527,0
DA:529,0
DA:530,0
DA:531,0
DA:532,92
DA:536,14
DA:537,13
DA:538,0
DA:539,0
DA:540,0
DA:542,13
DA:546,2
DA:549,2
DA:553,0
DA:564,3537
DA:565,3535
DA:568,2
DA:569,4
DA:570,2
DA:573,2
DA:574,4
DA:575,4
DA:577,2
DA:583,0
DA:585,0
DA:586,0
DA:588,0
DA:589,0
DA:590,0
DA:592,0
DA:615,2
DA:624,2
DA:637,0
DA:646,0
DA:675,2
DA:680,2
DA:681,4
DA:693,2
DA:694,2
DA:695,2
DA:711,2
DA:718,2
DA:719,2
DA:720,2
DA:721,2
DA:722,2
DA:723,4
DA:724,4
DA:738,2
DA:739,2
DA:740,2
DA:743,2
DA:744,2
DA:745,4
DA:746,2
DA:747,2
DA:748,4
DA:750,2
DA:754,2
DA:761,2
DA:762,2
DA:763,2
DA:764,2
DA:765,2
DA:766,4
DA:767,4
DA:781,2
DA:782,2
DA:783,2
DA:786,2
DA:787,2
DA:788,4
DA:789,2
DA:790,2
DA:791,4
DA:793,2
LH:196
LF:271
end_of_record
SF:src/Routines/SearchDIA/SearchMethods/QuadTuningSearch/QuadTuningSearch.jl
DA:46,1
DA:56,1
DA:105,1
DA:107,1
DA:108,1
DA:109,1
DA:110,1
DA:113,1
DA:115,1
DA:154,0
DA:157,0
DA:158,0
DA:161,1
DA:163,1
DA:165,1
DA:166,2
DA:167,1
DA:169,2
DA:170,1
DA:171,2
DA:172,1
DA:173,2
DA:174,1
DA:175,1
DA:183,1
DA:184,7
DA:192,7
DA:193,1
DA:207,2
DA:214,2
DA:215,2
DA:216,2
DA:218,0
DA:219,0
DA:224,0
DA:227,0
DA:228,0
DA:229,0
DA:230,0
DA:231,0
DA:235,0
DA:237,0
DA:238,0
DA:239,0
DA:240,0
DA:244,0
DA:247,0
DA:249,0
DA:250,0
DA:253,0
DA:256,0
DA:257,0
DA:258,0
DA:261,0
DA:264,2
DA:271,2
DA:272,0
DA:274,2
DA:278,1
DA:284,1
DA:285,1
DA:286,1
DA:287,1
DA:288,0
DA:290,1
DA:291,0
DA:294,0
DA:297,1
DA:298,1
DA:299,0
DA:304,1
DA:305,1
DA:306,0
DA:311,1
DA:312,1
DA:315,2
DA:316,2
DA:317,14
DA:318,14
DA:319,2
LH:49
LF:80
end_of_record
SF:src/Routines/SearchDIA/SearchMethods/QuadTuningSearch/utils.jl
DA:13,0
DA:14,0
DA:15,0
DA:16,0
DA:17,0
DA:19,0
DA:20,0
DA:26,0
DA:32,0
DA:33,0
DA:34,0
DA:35,0
DA:36,0
DA:38,0
DA:39,0
DA:40,0
DA:41,0
DA:43,0
DA:44,0
DA:46,0
DA:47,0
DA:48,0
DA:49,0
DA:50,0
DA:52,0
DA:53,0
DA:54,0
DA:55,0
DA:57,0
DA:58,0
DA:62,0
DA:65,0
DA:71,0
DA:73,0
DA:74,0
DA:75,0
DA:76,0
DA:78,0
DA:79,0
DA:80,0
DA:84,0
DA:85,0
DA:87,0
DA:89,0
DA:90,0
DA:92,0
DA:95,0
DA:96,0
DA:99,0
DA:100,0
DA:102,0
DA:104,0
DA:105,0
DA:107,0
DA:110,0
DA:111,0
DA:114,0
DA:123,0
DA:124,0
DA:125,0
DA:127,0
DA:128,0
DA:129,0
DA:130,0
DA:131,0
DA:132,0
DA:133,0
DA:134,0
DA:135,0
DA:162,0
DA:169,0
DA:175,0
DA:195,0
DA:196,0
DA:197,0
DA:198,0
DA:205,0
DA:207,0
DA:208,0
DA:209,0
DA:210,0
DA:213,0
DA:216,0
DA:223,0
DA:234,0
DA:235,0
DA:246,0
DA:251,0
DA:252,0
DA:253,0
DA:254,0
DA:255,0
DA:256,0
DA:257,0
DA:258,0
DA:259,0
DA:260,0
DA:261,0
DA:264,0
DA:265,0
DA:268,0
DA:269,0
DA:271,0
DA:272,0
DA:273,0
DA:275,0
DA:276,0
DA:300,0
DA:305,0
DA:315,0
DA:316,0
DA:318,0
DA:319,0
DA:321,0
DA:322,0
DA:323,0
DA:324,0
DA:325,0
DA:327,0
DA:328,0
DA:364,0
DA:371,0
DA:372,0
DA:373,0
DA:374,0
DA:375,0
DA:377,0
DA:379,0
DA:386,0
DA:389,0
DA:390,0
DA:394,0
DA:395,0
DA:396,0
DA:398,0
DA:407,0
DA:408,0
DA:409,0
DA:411,0
DA:419,0
DA:447,0
DA:452,0
DA:454,0
DA:464,0
DA:465,0
DA:466,0
DA:476,0
DA:477,0
DA:493,0
DA:494,0
DA:495,0
DA:496,0
DA:497,0
DA:498,0
DA:500,0
DA:536,0
DA:544,0
DA:547,0
DA:598,0
DA:601,0
DA:648,0
DA:651,0
DA:744,0
DA:745,0
DA:747,0
DA:782,0
DA:796,0
DA:797,0
DA:800,0
DA:801,0
DA:802,0
DA:804,0
DA:805,0
DA:806,0
DA:808,0
DA:810,0
DA:824,1
DA:825,1
DA:827,1
DA:828,0
DA:829,0
DA:830,0
DA:831,0
DA:833,1
DA:854,0
DA:855,0
DA:856,0
DA:857,0
DA:858,0
DA:868,0
DA:869,0
DA:888,0
DA:889,0
DA:890,0
DA:891,0
DA:893,0
DA:894,0
DA:895,0
DA:916,0
DA:917,0
DA:924,0
LH:4
LF:201
end_of_record
SF:src/Routines/SearchDIA/SearchMethods/ScoringSearch/ScoringSearch.jl
DA:7,1
DA:51,0
DA:53,0
DA:54,0
DA:55,0
DA:58,0
DA:59,0
DA:61,0
DA:64,0
DA:85,0
DA:87,0
DA:88,0
DA:97,0
DA:105,0
DA:108,0
DA:116,0
DA:119,0
DA:120,0
DA:130,0
DA:131,0
DA:141,0
DA:142,0
DA:152,0
DA:153,0
DA:162,0
DA:163,0
DA:172,0
DA:177,0
DA:180,0
DA:181,0
DA:182,0
DA:184,0
DA:185,0
DA:186,0
DA:188,0
DA:190,0
DA:191,0
DA:192,0
DA:202,0
DA:205,0
DA:206,0
DA:207,0
DA:212,0
DA:215,0
DA:216,0
DA:219,0
DA:220,0
DA:221,0
DA:223,0
DA:227,0
DA:231,0
DA:233,0
DA:235,0
DA:238,0
DA:239,0
DA:240,0
DA:243,0
DA:246,0
DA:247,0
DA:248,0
DA:250,0
DA:253,0
DA:254,0
DA:255,0
DA:256,0
DA:259,0
DA:262,0
DA:263,0
DA:264,0
DA:266,0
DA:269,0
DA:270,0
DA:271,0
DA:282,0
DA:288,0
DA:291,0
DA:292,0
DA:293,0
DA:296,0
DA:297,0
DA:298,0
DA:302,0
DA:305,0
DA:306,0
DA:307,0
DA:315,0
DA:318,0
DA:320,0
DA:323,0
DA:324,0
DA:325,0
DA:326,0
DA:328,0
DA:334,0
DA:337,0
DA:338,0
DA:339,0
DA:341,0
DA:344,0
DA:345,0
DA:346,0
DA:348,0
DA:351,0
DA:352,0
DA:353,0
DA:354,0
DA:357,0
DA:360,0
DA:361,0
DA:362,0
DA:364,0
DA:367,0
DA:368,0
DA:369,0
DA:371,0
DA:374,0
DA:375,0
DA:376,0
DA:379,0
DA:382,0
DA:383,0
DA:384,0
DA:386,0
DA:389,0
DA:390,0
DA:391,0
DA:394,0
DA:401,0
DA:403,0
DA:406,0
DA:407,0
DA:408,0
DA:415,0
DA:418,0
DA:422,0
DA:423,0
DA:425,0
DA:427,0
DA:428,0
DA:431,0
LH:1
LF:140
end_of_record
SF:src/Routines/SearchDIA/SearchMethods/ScoringSearch/protein_inference_pipeline.jl
DA:11,0
DA:12,0
DA:14,0
DA:16,0
DA:17,0
DA:18,0
DA:19,0
DA:22,0
DA:23,0
DA:26,0
DA:27,0
DA:28,0
DA:29,0
DA:30,0
DA:31,0
DA:34,0
DA:35,0
DA:36,0
DA:37,0
DA:38,0
DA:39,0
DA:43,0
DA:44,0
DA:45,0
DA:46,0
DA:47,0
DA:48,0
DA:52,0
DA:53,0
DA:54,0
DA:55,0
DA:56,0
DA:57,0
DA:60,0
DA:63,0
DA:71,0
DA:72,0
DA:74,0
DA:75,0
DA:78,0
DA:79,0
DA:80,0
DA:83,0
DA:86,0
DA:99,0
DA:100,0
DA:102,0
DA:109,0
DA:112,0
DA:113,0
DA:115,0
DA:116,0
DA:122,0
DA:127,0
DA:130,0
DA:142,0
DA:143,0
DA:145,0
DA:147,0
DA:148,0
DA:149,0
DA:150,0
DA:152,0
DA:153,0
DA:155,0
DA:156,0
DA:162,0
DA:163,0
DA:164,0
DA:167,0
DA:169,0
DA:171,0
DA:172,0
DA:175,0
DA:183,0
DA:184,0
DA:186,0
DA:188,0
DA:189,0
DA:190,0
DA:192,0
DA:193,0
DA:195,0
DA:196,0
DA:202,0
DA:203,0
DA:206,0
DA:208,0
DA:210,0
DA:211,0
DA:214,0
DA:223,0
DA:224,0
DA:226,0
DA:237,0
DA:240,0
DA:242,0
DA:243,0
DA:246,0
DA:247,0
DA:248,0
DA:251,0
DA:252,0
DA:253,0
DA:254,0
DA:255,0
DA:257,0
DA:258,0
DA:261,0
DA:269,0
DA:271,0
DA:279,0
DA:280,0
DA:282,0
DA:283,0
DA:285,0
DA:287,0
DA:290,0
DA:298,0
DA:299,0
DA:301,0
DA:302,0
DA:303,0
DA:306,0
DA:307,0
DA:308,0
DA:310,0
DA:311,0
DA:317,0
DA:318,0
DA:319,0
DA:322,0
DA:323,0
DA:325,0
DA:328,0
DA:329,0
DA:331,0
DA:333,0
DA:334,0
DA:336,0
DA:339,0
DA:362,0
DA:370,0
DA:373,0
DA:378,0
DA:379,0
DA:381,0
DA:382,0
DA:383,0
DA:387,0
DA:390,0
DA:391,0
DA:394,0
DA:399,0
DA:403,0
DA:406,0
DA:409,0
DA:414,0
DA:415,0
DA:416,0
DA:419,0
DA:420,0
DA:422,0
DA:423,0
DA:424,0
DA:425,0
DA:426,0
DA:428,0
DA:430,0
LH:0
LF:169
end_of_record
SF:src/Routines/SearchDIA/SearchMethods/ScoringSearch/score_psms.jl
DA:29,0
DA:39,0
DA:41,0
DA:43,0
DA:44,0
DA:54,0
DA:55,0
DA:66,0
DA:67,0
DA:69,0
DA:82,0
DA:86,0
DA:88,0
DA:89,0
DA:90,0
DA:92,0
DA:110,0
DA:112,0
DA:115,0
DA:117,0
DA:119,0
DA:122,0
DA:125,0
DA:128,0
DA:131,0
DA:134,0
DA:135,0
DA:137,0
DA:145,0
DA:146,0
DA:147,0
DA:164,0
DA:172,0
DA:173,0
DA:174,0
DA:225,0
DA:226,0
DA:227,0
DA:238,0
DA:239,0
DA:240,0
DA:242,0
DA:258,0
DA:260,0
DA:261,0
DA:262,0
DA:279,0
DA:280,0
DA:288,0
DA:290,0
DA:291,0
DA:292,0
DA:295,0
DA:311,0
DA:329,0
DA:337,0
DA:338,0
DA:339,0
DA:390,0
DA:391,0
DA:392,0
DA:402,0
DA:403,0
DA:404,0
DA:406,0
DA:422,0
DA:424,0
DA:425,0
DA:426,0
DA:442,0
DA:443,0
DA:444,0
DA:447,0
DA:463,0
LH:0
LF:74
end_of_record
SF:src/Routines/SearchDIA/SearchMethods/ScoringSearch/scoring_interface.jl
DA:17,0
DA:19,0
DA:21,0
DA:22,0
DA:23,0
DA:24,0
DA:25,0
DA:30,0
DA:31,0
DA:32,0
DA:35,0
DA:38,0
DA:39,0
DA:40,0
DA:41,0
DA:42,0
DA:43,0
DA:48,0
DA:49,0
DA:50,0
DA:55,0
DA:57,0
DA:75,0
DA:78,0
DA:79,0
DA:81,0
DA:82,0
DA:85,0
DA:86,0
DA:89,0
DA:91,0
DA:93,0
DA:105,0
DA:106,0
DA:107,0
DA:109,0
DA:110,0
DA:113,0
DA:120,0
DA:121,0
DA:123,0
DA:125,0
DA:133,0
DA:134,0
LH:0
LF:44
end_of_record
SF:src/Routines/SearchDIA/SearchMethods/ScoringSearch/utils.jl
DA:16,0
DA:20,0
DA:21,0
DA:23,0
DA:24,0
DA:27,0
DA:28,0
DA:30,0
DA:31,0
DA:32,0
DA:34,0
DA:35,0
DA:36,0
DA:37,0
DA:38,0
DA:40,0
DA:41,0
DA:43,0
DA:44,0
DA:45,0
DA:47,0
DA:53,0
DA:54,0
DA:56,0
DA:61,0
DA:62,0
DA:63,0
DA:64,0
DA:65,0
DA:66,0
DA:67,0
DA:68,0
DA:87,0
DA:94,0
DA:95,0
DA:96,0
DA:97,0
DA:98,0
DA:99,0
DA:100,0
DA:101,0
DA:102,0
DA:103,0
DA:104,0
DA:105,0
DA:106,0
DA:107,0
DA:108,0
DA:109,0
DA:111,0
DA:112,0
DA:113,0
DA:114,0
DA:115,0
DA:116,0
DA:118,0
DA:120,0
DA:121,0
DA:133,0
DA:142,0
DA:144,0
DA:145,0
DA:148,0
DA:149,0
DA:150,0
DA:151,0
DA:152,0
DA:153,0
DA:154,0
DA:155,0
DA:156,0
DA:157,0
DA:158,0
DA:160,0
DA:161,0
DA:162,0
DA:163,0
DA:164,0
DA:165,0
DA:166,0
DA:167,0
DA:169,0
DA:170,0
DA:171,0
DA:173,0
DA:174,0
DA:176,0
DA:177,0
DA:179,0
DA:181,0
DA:182,0
DA:183,0
DA:184,0
DA:185,0
DA:186,0
DA:190,0
DA:192,0
DA:195,0
DA:196,0
DA:197,0
DA:198,0
DA:199,0
DA:200,0
DA:201,0
DA:202,0
DA:204,0
DA:207,0
DA:208,0
DA:209,0
DA:210,0
DA:214,0
DA:215,0
DA:216,0
DA:217,0
DA:219,0
DA:229,0
DA:254,0
DA:263,0
DA:266,0
DA:268,0
DA:269,0
DA:270,0
DA:273,0
DA:276,0
DA:277,0
DA:278,0
DA:282,0
DA:283,0
DA:286,0
DA:287,0
DA:288,0
DA:291,0
DA:292,0
DA:296,0
DA:297,0
DA:300,0
DA:303,0
DA:304,0
DA:306,0
DA:307,0
DA:308,0
DA:309,0
DA:311,0
DA:327,0
DA:328,0
DA:331,0
DA:332,0
DA:335,0
DA:338,0
DA:341,0
DA:344,0
DA:346,0
DA:348,0
DA:350,0
DA:353,0
DA:356,0
DA:375,0
DA:376,0
DA:377,0
DA:378,0
DA:382,0
DA:385,0
DA:386,0
DA:387,0
DA:388,0
DA:389,0
DA:390,0
DA:391,0
DA:392,0
DA:393,0
DA:394,0
DA:397,0
DA:398,0
DA:399,0
DA:400,0
DA:401,0
DA:402,0
DA:403,0
DA:404,0
DA:405,0
DA:406,0
DA:407,0
DA:408,0
DA:409,0
DA:410,0
DA:413,0
DA:427,0
DA:430,0
DA:432,0
DA:454,0
DA:465,0
DA:466,0
DA:467,0
DA:468,0
DA:469,0
DA:472,0
DA:474,0
DA:475,0
DA:478,0
DA:479,0
DA:480,0
DA:482,0
DA:483,0
DA:485,0
DA:486,0
DA:489,0
DA:503,0
DA:504,0
DA:505,0
DA:508,0
DA:509,0
DA:510,0
DA:511,0
DA:512,0
DA:514,0
DA:515,0
DA:516,0
DA:517,0
DA:519,0
DA:520,0
DA:521,0
DA:522,0
DA:524,0
DA:525,0
DA:526,0
DA:528,0
DA:544,0
DA:550,0
DA:553,0
DA:554,0
DA:555,0
DA:556,0
DA:558,0
DA:561,0
DA:563,0
DA:564,0
DA:565,0
DA:567,0
DA:569,0
DA:570,0
DA:571,0
DA:572,0
DA:574,0
DA:577,0
DA:578,0
DA:580,0
DA:582,0
DA:583,0
DA:585,0
DA:604,0
DA:611,0
DA:612,0
DA:614,0
DA:615,0
DA:616,0
DA:619,0
DA:620,0
DA:621,0
DA:625,0
DA:628,0
DA:629,0
DA:631,0
DA:632,0
DA:637,0
DA:638,0
DA:639,0
DA:642,0
DA:643,0
DA:646,0
DA:647,0
DA:648,0
DA:649,0
DA:650,0
DA:652,0
DA:654,0
DA:655,0
DA:659,0
DA:660,0
DA:661,0
DA:662,0
DA:663,0
DA:664,0
DA:665,0
DA:669,0
DA:676,0
DA:677,0
DA:679,0
DA:680,0
DA:681,0
DA:683,0
DA:684,0
DA:686,0
DA:689,0
DA:690,0
DA:691,0
DA:694,0
DA:695,0
DA:696,0
DA:697,0
DA:698,0
DA:700,0
DA:702,0
DA:705,0
DA:706,0
DA:732,0
DA:736,0
DA:737,0
DA:740,0
DA:741,0
DA:742,0
DA:743,0
DA:744,0
DA:746,0
DA:748,0
DA:751,0
DA:752,0
DA:753,0
DA:756,0
DA:758,0
DA:761,0
DA:762,0
DA:763,0
DA:767,0
DA:768,0
DA:772,0
DA:773,0
DA:776,0
DA:777,0
DA:779,0
DA:782,0
DA:783,0
DA:786,0
DA:789,0
DA:792,0
DA:793,0
DA:796,0
DA:798,0
DA:801,0
DA:802,0
DA:803,0
DA:804,0
DA:805,0
DA:826,0
DA:829,0
DA:830,0
DA:831,0
DA:833,0
DA:834,0
DA:835,0
DA:839,0
DA:841,0
DA:842,0
DA:843,0
DA:844,0
DA:851,0
DA:852,0
DA:854,0
DA:890,0
DA:895,0
DA:898,0
DA:899,0
DA:902,0
DA:905,0
DA:906,0
DA:907,0
DA:910,0
DA:912,0
DA:929,0
DA:933,0
DA:936,0
DA:937,0
DA:940,0
DA:941,0
DA:942,0
DA:945,0
DA:946,0
DA:948,0
DA:960,0
DA:962,0
DA:963,0
DA:964,0
DA:965,0
DA:966,0
DA:967,0
DA:968,0
DA:969,0
DA:971,0
LH:0
LF:387
end_of_record
SF:src/Routines/SearchDIA/SearchMethods/SearchMethods.jl
DA:22,6
DA:27,6
DA:28,6
DA:30,6
DA:31,6
DA:32,6
DA:33,6
DA:34,11
DA:35,10
DA:36,10
DA:37,10
DA:39,5
DA:40,5
DA:48,0
DA:49,0
DA:52,0
DA:53,0
DA:56,0
DA:57,0
DA:60,0
DA:61,0
DA:74,54
DA:76,27
DA:77,25
DA:86,2
DA:95,27
DA:103,1
DA:110,1
DA:111,1
DA:119,1
DA:129,1
DA:130,1
DA:131,1
DA:134,1
DA:135,38047
DA:136,19214
DA:138,18833
DA:140,76093
DA:143,1
DA:144,1
DA:145,1
DA:147,1
DA:149,1
DA:152,1
DA:157,1
DA:161,7
DA:167,7
DA:216,1
DA:218,1
DA:219,1
DA:222,1
DA:223,1
DA:224,1
DA:225,1
DA:226,1
DA:227,1
DA:230,2
DA:231,2
DA:232,2
DA:233,2
DA:235,1
DA:237,1
DA:238,1
DA:240,2
DA:242,1
LH:57
LF:65
end_of_record
SF:src/Routines/SearchDIA/SearchMethods/SearchTypes.jl
DA:82,1
DA:83,1
DA:84,1
DA:85,2
DA:86,0
DA:87,0
DA:88,1
DA:89,0
DA:91,1
DA:92,1
DA:105,0
DA:106,0
DA:107,0
DA:108,0
DA:110,0
DA:111,0
DA:133,7
DA:212,1
DA:220,1
DA:221,1
DA:246,11
DA:247,8
DA:248,6
DA:251,6
DA:252,6
DA:256,0
DA:257,0
DA:258,0
DA:259,0
DA:260,0
DA:261,1
DA:262,0
DA:263,0
DA:265,0
DA:267,0
DA:268,3
DA:269,0
DA:270,0
DA:271,0
DA:272,0
DA:276,0
DA:277,2
DA:278,0
DA:279,0
DA:280,0
DA:281,2
DA:282,0
DA:285,2
DA:286,6
DA:287,20
DA:288,77174
DA:289,0
DA:290,15481
DA:291,31033
DA:292,2
DA:293,20
DA:294,15482
DA:295,45753
DA:296,15484
DA:297,40
DA:298,15490
DA:299,30818
DA:300,30952
DA:301,2
DA:302,31962
DA:303,400705
DA:304,431424
DA:305,4
DA:306,4
DA:311,95314
DA:312,56225
DA:313,602
DA:314,333322
DA:315,268060
DA:316,69893
DA:317,37137
DA:319,15662
DA:320,80797
DA:321,46380
DA:323,8324
DA:324,96518
DA:325,16617
DA:327,0
DA:328,0
DA:329,0
DA:332,6
DA:333,5587
DA:334,0
DA:335,6
DA:336,5578
DA:337,5578
DA:338,0
DA:339,6
DA:340,6
DA:348,0
DA:349,0
DA:350,0
DA:351,6
DA:352,23657
DA:353,34
DA:354,11
DA:355,0
DA:356,3
DA:357,3
DA:358,3
DA:359,6
DA:360,0
DA:361,1
DA:362,0
DA:363,0
DA:364,10
DA:365,0
DA:366,0
DA:367,0
DA:368,8321
DA:369,0
DA:370,1246
DA:371,0
DA:372,0
DA:373,24
DA:379,5607
DA:380,11214
DA:381,5607
DA:383,0
DA:384,0
DA:389,6
DA:396,24772
DA:397,49542
DA:398,24785
DA:400,0
DA:401,0
DA:404,4
DA:411,0
DA:412,0
DA:413,0
DA:415,0
DA:416,0
DA:421,2
DA:428,16406
DA:429,32800
DA:430,16417
DA:432,20
DA:441,1
DA:442,1
DA:450,3
DA:451,3
DA:452,0
DA:454,3
DA:459,0
DA:460,2
DA:461,2
DA:463,4
DA:464,4
DA:466,1
DA:467,1
DA:469,0
DA:470,1
DA:471,1
DA:472,2
DA:473,2
DA:474,2
DA:486,0
DA:487,0
DA:488,0
DA:496,0
DA:497,0
DA:505,0
DA:506,0
LH:103
LF:168
end_of_record
SF:src/Routines/SearchDIA/SearchMethods/SecondPassSearch/SecondPassSearch.jl
DA:32,1
DA:42,1
DA:84,1
DA:86,1
DA:87,1
DA:88,1
DA:89,1
DA:92,1
DA:94,0
DA:96,2
DA:99,1
DA:100,1
DA:101,2
DA:103,1
DA:104,1
DA:105,1
DA:106,0
DA:107,0
DA:108,0
DA:109,0
DA:111,0
DA:112,0
DA:115,1
DA:116,1
DA:149,0
DA:154,1
DA:156,1
DA:157,2
DA:158,1
DA:159,1
DA:173,1
DA:181,1
DA:182,1
DA:187,2
DA:192,1
DA:200,0
DA:201,0
DA:202,0
DA:203,0
DA:204,0
DA:205,0
DA:206,0
DA:207,0
DA:208,0
DA:213,0
DA:223,0
DA:224,0
DA:225,0
DA:226,0
DA:227,0
DA:228,0
DA:229,0
DA:230,0
DA:231,0
DA:233,0
DA:235,0
DA:236,0
DA:237,0
DA:260,0
DA:263,0
DA:264,0
DA:267,0
DA:268,0
DA:271,0
DA:274,0
DA:282,0
DA:284,0
DA:285,0
DA:286,0
DA:291,0
DA:299,0
DA:315,0
DA:319,0
DA:320,0
DA:323,0
DA:324,0
DA:335,0
DA:337,0
DA:340,0
DA:341,0
DA:348,0
DA:350,0
DA:353,0
DA:364,0
DA:367,0
DA:372,0
DA:373,0
DA:375,0
DA:376,0
DA:379,0
DA:386,0
DA:387,0
DA:390,0
DA:396,0
LH:27
LF:94
end_of_record
SF:src/Routines/SearchDIA/SearchMethods/SecondPassSearch/utils.jl
DA:23,1
DA:31,1
DA:33,1
DA:34,13
DA:35,6
DA:36,6
DA:38,6
DA:52,1
DA:53,0
DA:56,0
DA:66,0
DA:67,0
DA:68,0
DA:69,0
DA:70,0
DA:72,0
DA:87,0
DA:107,6
DA:118,6
DA:119,6
DA:120,6
DA:121,6
DA:122,6
DA:126,6
DA:127,6
DA:128,6
DA:129,6
DA:131,6
DA:133,6
DA:134,32619
DA:135,16291
DA:136,16364
DA:137,0
DA:139,32725
DA:142,16404
DA:143,123523
DA:144,118619
DA:147,32822
DA:148,32936
DA:151,30168
DA:154,5587
DA:155,5587
DA:156,5587
DA:158,5587
DA:186,16468
DA:199,16248
DA:202,8313
DA:212,8314
DA:213,0
DA:216,39986
DA:219,8315
DA:220,8321
DA:236,39991
DA:239,8316
DA:241,8318
DA:250,8317
DA:272,8318
DA:273,16330
DA:274,6
DA:292,0
DA:310,0
DA:311,0
DA:312,0
DA:313,0
DA:314,0
DA:315,0
DA:316,0
DA:317,0
DA:318,0
DA:319,0
DA:320,0
DA:325,0
DA:326,0
DA:327,0
DA:328,0
DA:329,0
DA:330,0
DA:332,0
DA:333,0
DA:334,0
DA:337,0
DA:338,0
DA:342,0
DA:343,0
DA:344,0
DA:347,0
DA:348,0
DA:349,0
DA:350,0
DA:351,0
DA:352,0
DA:353,0
DA:354,0
DA:355,0
DA:356,0
DA:359,0
DA:361,0
DA:362,0
DA:363,0
DA:365,0
DA:368,0
DA:369,0
DA:370,0
DA:371,0
DA:373,0
DA:374,0
DA:376,0
DA:377,0
DA:380,0
DA:382,0
DA:396,0
DA:397,0
DA:398,0
DA:399,0
DA:400,0
DA:402,0
DA:403,0
DA:406,0
DA:407,0
DA:408,0
DA:409,0
DA:410,0
DA:411,0
DA:412,0
DA:414,0
DA:417,0
DA:418,0
DA:419,0
DA:420,0
DA:421,0
DA:422,0
DA:423,0
DA:425,0
DA:427,0
DA:428,0
DA:430,0
DA:432,0
DA:433,0
DA:443,0
DA:444,0
DA:445,0
DA:446,0
DA:447,0
DA:449,0
DA:450,0
DA:454,0
DA:455,0
DA:457,0
DA:460,0
DA:461,0
DA:476,0
[...]
LF:173
end_of_record
SF:src/utils/FileOperations/streaming/StreamOperations.jl
DA:25,4
DA:29,3
DA:33,1
DA:36,1
DA:39,1
DA:42,1
DA:45,1
DA:54,2
DA:59,2
DA:60,1
DA:68,2
DA:70,2
DA:74,2
DA:75,2
DA:77,2
DA:78,2
DA:80,2
LH:17
LF:17
end_of_record
SF:src/utils/ML/fdrUtilities.jl
DA:31,48
DA:35,24
DA:36,24
DA:38,0
DA:41,24
DA:42,24
DA:43,48
DA:44,49403
DA:45,49403
DA:47,49403
DA:48,49403
DA:50,24
DA:51,48
DA:52,49427
DA:53,47245
DA:55,2158
DA:57,49403
DA:61,0
DA:79,4
DA:82,2
DA:83,2
DA:84,2
DA:85,0
DA:89,4
DA:92,4
DA:93,4
DA:94,2
DA:95,2
DA:97,2
DA:98,2565
DA:100,2565
DA:101,2565
DA:102,5128
DA:104,2
DA:105,4
DA:107,4
DA:108,4
DA:110,2
DA:111,2565
DA:112,5128
DA:113,2
DA:117,2
DA:118,2
DA:120,4
DA:121,4
DA:122,4
DA:124,2
DA:125,2
DA:127,2567
DA:128,2567
DA:129,2567
DA:130,2567
DA:131,2567
DA:135,3480
DA:136,913
DA:137,913
DA:138,913
DA:139,913
DA:140,913
DA:141,913
DA:142,913
DA:143,913
DA:145,913
DA:146,5132
DA:149,4
DA:150,2
DA:151,2
DA:152,1654
DA:153,2567
DA:154,2567
DA:155,3480
DA:156,3306
DA:158,2
LH:70
LF:73
end_of_record
SF:src/utils/ML/libraryBSpline.jl
DA:6,0
DA:8,0
DA:9,0
DA:13,0
DA:14,0
DA:16,0
DA:20,0
DA:21,0
DA:23,0
DA:26,0
DA:34,0
DA:36,0
DA:39,0
DA:42,0
DA:43,0
DA:44,0
DA:45,0
DA:46,0
DA:54,0
DA:55,0
DA:56,0
DA:65,0
DA:70,0
DA:71,0
DA:72,0
DA:73,0
DA:74,0
DA:82,0
DA:83,0
DA:84,0
DA:85,0
DA:86,0
DA:87,0
DA:88,0
DA:89,0
DA:92,0
DA:97,0
DA:98,0
DA:99,0
DA:102,0
DA:103,0
LH:0
LF:41
end_of_record
SF:src/utils/ML/percolatorSortOf.jl
DA:1,0
DA:19,0
DA:20,0
DA:23,0
DA:24,0
DA:27,0
DA:31,0
DA:32,0
DA:35,0
DA:36,0
DA:37,0
DA:39,0
DA:41,0
DA:43,0
DA:45,0
DA:49,0
DA:55,0
DA:71,0
DA:73,0
DA:74,0
DA:77,0
DA:78,0
DA:79,0
DA:81,0
DA:82,0
DA:84,0
DA:85,0
DA:86,0
DA:89,0
DA:90,0
DA:92,0
DA:93,0
DA:95,0
DA:96,0
DA:97,0
DA:98,0
DA:100,0
DA:102,0
DA:105,0
DA:107,0
DA:110,0
DA:111,0
DA:112,0
DA:113,0
DA:114,0
DA:120,0
DA:136,0
DA:146,0
DA:149,0
DA:150,0
DA:151,0
DA:158,0
DA:160,0
DA:161,0
DA:162,0
DA:164,0
DA:166,0
DA:167,0
DA:168,0
DA:169,0
DA:170,0
DA:171,0
DA:172,0
DA:173,0
DA:174,0
DA:175,0
DA:176,0
DA:178,0
DA:179,0
DA:181,0
DA:182,0
DA:183,0
DA:191,0
DA:199,0
DA:203,0
DA:204,0
DA:205,0
DA:206,0
DA:207,0
DA:209,0
DA:211,0
DA:212,0
DA:214,0
DA:215,0
DA:216,0
DA:218,0
DA:219,0
DA:220,0
DA:221,0
DA:222,0
DA:223,0
DA:224,0
DA:225,0
DA:226,0
DA:227,0
DA:228,0
DA:230,0
DA:233,0
DA:234,0
DA:236,0
DA:237,0
DA:238,0
DA:239,0
DA:240,0
DA:243,0
DA:246,0
DA:247,0
DA:248,0
DA:251,0
DA:252,0
DA:253,0
DA:254,0
DA:256,0
DA:258,0
DA:260,0
DA:263,0
DA:264,0
DA:266,0
DA:268,0
DA:269,0
DA:272,0
DA:273,0
DA:276,0
DA:277,0
DA:280,0
DA:282,0
DA:283,0
DA:284,0
DA:285,0
DA:287,0
DA:289,0
DA:291,0
DA:293,0
DA:300,0
DA:301,0
DA:317,0
DA:318,0
DA:324,0
DA:326,0
DA:328,0
DA:331,0
DA:333,0
DA:334,0
DA:337,0
DA:338,0
DA:339,0
DA:340,0
DA:341,0
DA:342,0
DA:344,0
DA:352,0
DA:353,0
DA:354,0
DA:364,0
DA:365,0
DA:366,0
DA:368,0
DA:384,0
DA:386,0
DA:388,0
DA:389,0
DA:391,0
DA:392,0
DA:393,0
DA:394,0
DA:396,0
DA:397,0
DA:398,0
DA:400,0
DA:401,0
DA:402,0
DA:403,0
DA:404,0
DA:405,0
DA:406,0
DA:407,0
DA:408,0
DA:409,0
DA:413,0
DA:418,0
DA:420,0
DA:421,0
DA:422,0
DA:423,0
DA:424,0
DA:425,0
DA:426,0
DA:427,0
DA:428,0
DA:431,0
DA:434,0
DA:438,0
DA:439,0
DA:441,0
DA:442,0
DA:443,0
DA:444,0
DA:445,0
DA:446,0
DA:447,0
DA:448,0
DA:449,0
DA:452,0
DA:455,0
DA:463,0
DA:465,0
DA:467,0
DA:474,0
DA:476,0
DA:484,0
DA:485,0
DA:489,0
DA:491,0
DA:498,0
DA:504,0
DA:506,0
DA:510,0
DA:512,0
DA:517,0
DA:522,0
DA:523,0
DA:524,0
DA:525,0
DA:526,0
DA:528,0
DA:530,0
DA:534,0
DA:540,0
DA:541,0
DA:544,0
DA:545,0
DA:548,0
DA:551,0
DA:554,0
DA:555,0
DA:558,0
DA:561,0
DA:563,0
DA:564,0
DA:565,0
DA:566,0
DA:567,0
DA:570,0
DA:571,0
DA:573,0
DA:574,0
DA:576,0
DA:579,0
DA:584,0
DA:586,0
DA:587,0
DA:588,0
DA:589,0
DA:590,0
DA:591,0
DA:592,0
DA:593,0
DA:594,0
DA:595,0
DA:596,0
DA:599,0
DA:600,0
DA:601,0
DA:602,0
DA:603,0
DA:604,0
DA:606,0
DA:608,0
DA:609,0
DA:611,0
DA:614,0
DA:618,0
DA:619,0
DA:622,0
DA:623,0
DA:624,0
DA:626,0
DA:627,0
DA:629,0
DA:630,0
LH:0
LF:280
end_of_record
SF:src/utils/ML/piecewiseLinearFunction.jl
DA:18,3
DA:19,3
DA:145,0
DA:153,0
DA:159,0
DA:162,0
DA:163,0
DA:166,0
DA:169,0
DA:170,0
DA:172,0
DA:175,0
DA:179,0
DA:180,0
DA:181,0
DA:183,0
DA:190,0
DA:191,0
DA:194,0
DA:196,0
DA:205,0
DA:206,0
DA:209,0
DA:210,0
DA:211,0
DA:213,0
DA:215,0
DA:219,0
DA:220,0
LH:2
LF:29
end_of_record
SF:src/utils/ML/probitRegression.jl
DA:4,204
DA:5,204
DA:7,30010
DA:8,31481
DA:10,88113
DA:11,90675
DA:12,96394
DA:13,97523
DA:14,90894
DA:16,3187
DA:17,3187
DA:19,91606
DA:20,92622
DA:23,204
DA:27,204
DA:28,14804
DA:34,32399
DA:35,14565
DA:36,14565
DA:37,14532
DA:39,204
DA:40,1726
DA:41,28481
DA:42,14788
DA:45,1726
DA:46,1726
DA:49,204
DA:51,1878
DA:52,3728
DA:53,1673
DA:54,1674
DA:55,1637
DA:58,204
DA:59,3326
DA:60,1686
DA:61,1657
DA:65,204
DA:68,406
DA:71,3828
DA:72,3422
DA:73,503360
DA:74,535067
DA:75,267541
DA:76,267532
DA:79,3422
DA:83,406
DA:84,60373
DA:85,63773
DA:86,31830
DA:87,31829
DA:90,406
DA:93,406
DA:94,3422
DA:95,6438
DA:98,406
DA:99,60552
DA:100,63866
DA:101,506798
DA:102,506804
DA:105,406
DA:109,204
DA:110,204
DA:111,30109
DA:112,15839
DA:113,35476
DA:114,15840
DA:115,15839
DA:116,15810
DA:119,204
DA:125,202
DA:131,202
DA:132,202
DA:133,29989
DA:134,15796
DA:135,31591
DA:136,90204
DA:137,92652
DA:138,164651
DA:139,15773
DA:142,202
DA:145,52
DA:152,72117
DA:153,238
DA:154,2306
DA:155,26
DA:157,52
DA:158,52
DA:159,26
DA:160,408
DA:161,204
DA:162,204
DA:163,204
DA:164,204
DA:165,204
DA:167,406
DA:169,404
DA:170,202
DA:171,202
DA:172,202
DA:173,404
DA:174,202
DA:175,202
DA:176,404
DA:177,202
DA:178,202
DA:180,0
DA:181,0
DA:182,202
DA:183,0
DA:184,0
DA:187,602
DA:188,24
DA:190,178
DA:191,178
DA:193,24
DA:197,4
DA:202,52
DA:203,48
DA:204,6091
DA:205,6664
DA:207,430916
DA:208,435786
DA:211,48
DA:214,45428
DA:215,4
DA:216,48
DA:217,48
DA:221,20
DA:226,180
DA:227,160
DA:228,23610
DA:230,25074
DA:231,31162
DA:232,31143
DA:235,160
DA:238,3975
DA:239,20
DA:240,160
DA:241,300
DA:244,20
DA:245,2929
DA:246,3070
DA:247,3614
DA:248,3582
DA:251,20
DA:256,0
DA:263,0
DA:269,0
DA:270,0
DA:271,0
DA:272,0
DA:273,0
DA:275,0
DA:278,0
DA:281,0
DA:282,0
DA:283,0
DA:285,0
DA:286,0
DA:287,0
DA:288,0
DA:289,0
DA:291,0
DA:294,0
LH:141
LF:164
end_of_record
SF:src/utils/ML/spectralLinearRegression.jl
DA:2,0
DA:3,0
DA:4,2
DA:6,515537
DA:7,515487
DA:10,0
DA:11,0
DA:14,0
DA:15,0
DA:19,425420
DA:20,425399
DA:23,0
DA:24,0
DA:27,0
DA:28,0
DA:32,517829
DA:33,518764
DA:34,12171850
DA:35,12186738
DA:36,12387777
DA:37,24315684
DA:40,477867
DA:48,452631
DA:49,452642
DA:50,452620
DA:51,6602325
DA:52,6674816
DA:53,6676993
DA:55,6673976
DA:56,6667373
DA:57,6667583
DA:58,6667236
DA:59,6656361
DA:60,6547988
DA:62,6543273
DA:63,6540306
DA:64,12904411
DA:66,428730
DA:69,113923
DA:76,113988
DA:77,113984
DA:78,2977337
DA:79,2977140
DA:80,2977153
DA:82,2976892
DA:83,2976709
DA:84,2975551
DA:85,2975937
DA:86,2975648
DA:87,2975474
DA:88,5843186
DA:89,114351
DA:92,97670
DA:104,97635
DA:105,97633
DA:106,97637
DA:107,97636
DA:109,97458
DA:111,97461
DA:113,492385
DA:115,486257
DA:116,424281
DA:119,424313
DA:120,0
DA:121,0
DA:125,423646
DA:126,75997
DA:130,422813
DA:131,423177
DA:132,425504
DA:135,10157460
DA:138,493770
DA:140,489250
DA:141,370237
DA:142,370222
DA:143,89401
DA:147,131718
DA:148,1612
DA:151,407680
DA:154,97886
DA:155,7167
DA:157,7167
DA:158,7167
DA:159,191183
DA:160,7170
DA:163,7170
DA:164,7170
DA:171,7168
DA:174,90890
DA:179,7170
DA:191,7171
DA:192,7170
DA:194,191269
DA:195,7170
DA:196,7170
DA:197,7170
DA:198,106978
DA:201,106977
DA:203,107128
DA:204,52648
DA:206,54937
DA:209,107166
DA:210,107156
DA:212,2767719
DA:215,107101
DA:216,100052
DA:217,100052
DA:218,7167
DA:221,8315
DA:240,8313
DA:243,8313
DA:244,19103
DA:245,19103
DA:246,19103
DA:249,97958
DA:258,97950
DA:259,96601
DA:260,96649
DA:261,39414
DA:264,177075
DA:267,19112
DA:268,8315
DA:270,10825
DA:271,10825
DA:273,8315
LH:113
LF:125
end_of_record
SF:src/utils/ML/uniformBasisCubicSpline.jl
DA:1,10
DA:7,10
DA:8,0
DA:10,10
DA:11,0
DA:13,10
DA:14,0
DA:19,20
DA:20,10
DA:28,20
DA:34,6498
DA:39,6488
DA:41,6488
DA:42,25952
DA:43,25952
DA:44,25952
DA:47,54504
DA:48,10
DA:50,6488
DA:54,6488
DA:61,12966
DA:63,10
DA:66,20
DA:71,73
DA:75,63
DA:77,63
DA:78,252
DA:79,252
DA:80,441
DA:83,10
DA:84,10
DA:85,63
DA:86,63
DA:90,252
DA:96,116
DA:98,10
DA:101,10
DA:102,10
DA:103,10
DA:104,10
DA:105,10
DA:106,20
DA:107,10
DA:108,10
DA:109,10
DA:110,10
DA:111,10
DA:114,10
DA:123,127257
DA:124,127260
DA:125,127259
DA:128,127007
DA:129,127015
DA:130,127010
DA:131,127009
DA:132,127002
DA:133,127003
DA:134,126530
DA:135,126528
DA:136,126543
DA:137,126553
DA:138,126797
DA:139,126798
DA:140,126792
DA:141,126790
DA:142,125938
LH:63
LF:66
end_of_record
SF:src/utils/ML/wittakerHendersonSmoothing.jl
DA:17,0
DA:25,0
DA:26,0
DA:27,0
DA:30,0
DA:33,0
DA:36,0
DA:39,0
DA:42,0
DA:45,0
DA:48,0
DA:51,0
DA:53,0
DA:71,0
DA:82,0
DA:83,0
DA:85,0
DA:88,0
DA:91,0
DA:94,0
DA:98,0
DA:101,0
LH:0
LF:22
end_of_record
SF:src/utils/isotopeSplines.jl
DA:3,504
DA:4,504
DA:8,504
DA:14,988923
DA:15,988918
DA:16,989540
DA:17,0
DA:18,0
DA:20,988845
DA:23,989017
DA:25,989031
DA:26,988975
DA:27,988957
DA:28,987293
DA:29,987394
DA:30,987436
DA:31,987446
DA:32,987529
DA:33,987542
DA:34,987563
DA:35,987644
DA:36,985699
DA:37,985671
DA:39,985863
DA:47,0
DA:48,0
DA:53,2
DA:56,988121
DA:57,988227
DA:61,0
DA:62,0
DA:65,2
DA:67,2
DA:69,2
DA:70,2
DA:72,294
DA:73,252
DA:74,6
DA:76,252
DA:77,2
DA:80,294
DA:84,2
DA:85,2
DA:86,12
DA:87,12
DA:88,252
DA:96,492
DA:97,22
DA:100,2
DA:101,294
DA:102,252
DA:103,252
DA:104,504
DA:105,2520
DA:106,2520
DA:107,252
DA:108,252
DA:115,294
DA:117,2
DA:122,36
DA:128,0
DA:129,0
DA:166,11
DA:172,11
DA:175,11
DA:176,43
DA:179,43
DA:181,43
DA:183,158
DA:188,273
DA:190,43
DA:191,75
DA:192,11
DA:196,7
DA:205,7
DA:206,35
DA:208,35
DA:209,35
DA:211,105
DA:217,175
DA:218,35
DA:219,63
DA:220,7
DA:224,11
DA:231,11
DA:241,11
DA:249,55
DA:252,11
DA:254,11
DA:264,22
DA:267,22
DA:268,55
DA:269,55
DA:272,0
DA:282,0
DA:285,0
DA:287,0
DA:297,0
DA:300,0
DA:301,0
DA:302,0
DA:305,7
DA:312,7
DA:321,7
DA:329,35
DA:331,7
DA:333,7
DA:344,14
DA:345,35
DA:346,35
DA:406,12
DA:411,6
DA:412,6
DA:413,36
DA:414,36
DA:415,8
DA:416,5
DA:418,8
DA:420,66
DA:421,6
DA:425,355324
DA:429,50911
DA:430,50911
DA:431,50896
DA:432,50884
DA:433,304575
DA:434,304602
DA:435,251770
DA:436,49618
DA:438,251653
DA:440,558127
DA:441,50888
DA:444,50711
DA:449,253696
DA:450,50822
DA:451,50822
DA:452,252991
DA:453,253336
DA:454,253491
DA:458,0
DA:467,0
DA:468,0
DA:469,0
DA:470,0
DA:471,0
DA:472,0
DA:474,0
LH:123
LF:147
end_of_record
SF:src/utils/isotopes.jl
DA:20,0
DA:27,0
DA:31,0
DA:33,0
DA:34,0
DA:36,0
DA:37,0
DA:39,0
DA:41,0
DA:43,0
DA:44,0
DA:45,0
DA:50,46
DA:59,0
DA:61,0
DA:64,0
DA:70,0
DA:71,0
DA:72,0
DA:73,0
DA:74,0
DA:76,0
DA:77,0
DA:86,0
DA:87,0
DA:88,0
DA:89,0
DA:90,0
DA:91,0
DA:92,0
DA:94,0
DA:96,0
DA:97,0
DA:98,0
DA:99,0
DA:100,0
DA:101,0
DA:102,0
DA:104,0
DA:105,0
DA:106,0
DA:107,0
DA:108,0
DA:109,0
DA:110,0
DA:141,0
DA:142,0
DA:143,0
DA:145,0
DA:146,0
DA:147,0
DA:148,0
DA:149,0
DA:150,0
DA:151,0
DA:152,0
DA:153,0
DA:154,0
DA:155,0
DA:156,0
DA:158,0
DA:160,0
DA:161,0
DA:163,0
DA:166,0
DA:167,0
DA:168,0
DA:169,0
DA:170,0
DA:171,0
DA:174,0
DA:175,0
DA:176,0
DA:177,0
DA:178,0
DA:179,0
DA:180,0
DA:182,0
DA:184,0
DA:185,0
DA:186,0
DA:187,0
DA:188,0
DA:189,0
DA:190,0
DA:192,0
DA:193,0
DA:194,0
DA:195,0
DA:196,0
DA:197,0
DA:198,0
DA:201,0
DA:202,0
DA:203,0
DA:204,0
DA:205,0
DA:206,0
LH:1
LF:98
end_of_record
SF:src/utils/maxLFQ.jl
DA:22,0
DA:24,0
DA:25,0
DA:26,0
DA:27,0
DA:28,0
DA:30,0
DA:33,0
DA:34,0
DA:47,0
DA:48,0
DA:49,0
DA:50,0
DA:51,0
DA:53,0
DA:55,0
DA:58,0
DA:61,0
DA:62,0
DA:63,0
DA:64,0
DA:67,0
DA:68,0
DA:69,0
DA:70,0
DA:71,0
DA:84,0
DA:85,0
DA:86,0
DA:87,0
DA:88,0
DA:89,0
DA:91,0
DA:93,0
DA:94,0
DA:95,0
DA:97,0
DA:179,0
DA:202,0
DA:203,0
DA:205,0
DA:206,0
DA:208,0
DA:209,0
DA:212,0
DA:235,0
DA:242,0
DA:244,0
DA:245,0
DA:246,0
DA:247,0
DA:249,0
DA:251,0
DA:252,0
DA:253,0
DA:257,0
DA:258,0
DA:259,0
DA:260,0
DA:261,0
DA:262,0
DA:263,0
DA:264,0
DA:265,0
DA:266,0
DA:267,0
DA:268,0
DA:269,0
DA:277,0
DA:280,0
DA:283,0
DA:286,0
DA:289,0
DA:290,0
DA:291,0
DA:294,0
DA:321,0
DA:330,0
DA:333,0
DA:338,0
DA:341,0
DA:342,0
DA:343,0
DA:344,0
DA:346,0
DA:347,0
DA:348,0
DA:349,0
DA:350,0
DA:352,0
DA:353,0
DA:354,0
DA:355,0
DA:356,0
DA:359,0
DA:360,0
DA:361,0
DA:366,0
DA:370,0
DA:371,0
DA:372,0
DA:375,0
DA:387,0
DA:388,0
DA:389,0
DA:390,0
DA:391,0
DA:392,0
DA:393,0
DA:394,0
DA:395,0
DA:396,0
DA:397,0
DA:398,0
DA:400,0
DA:401,0
DA:424,0
DA:425,0
DA:426,0
DA:427,0
DA:428,0
DA:429,0
DA:430,0
DA:432,0
DA:434,0
DA:435,0
DA:436,0
DA:439,0
DA:440,0
DA:441,0
DA:443,0
DA:444,0
DA:454,0
DA:464,0
DA:465,0
DA:468,0
DA:469,0
DA:470,0
DA:473,0
DA:477,0
DA:480,0
DA:482,0
DA:483,0
DA:484,0
DA:485,0
DA:488,0
DA:489,0
DA:490,0
DA:491,0
DA:493,0
DA:494,0
DA:495,0
DA:496,0
LH:0
LF:153
end_of_record
SF:src/utils/profile.jl
DA:11,0
DA:12,0
DA:20,0
DA:21,0
DA:22,0
DA:23,0
DA:27,0
DA:28,0
LH:0
LF:8
end_of_record
SF:src/utils/proteinInference.jl
DA:87,12
DA:92,12
DA:93,1
DA:97,11
DA:98,11
DA:100,11
DA:101,41
DA:102,41
DA:104,41
DA:105,41
DA:107,41
DA:111,41
DA:112,64
DA:117,64
DA:118,64
DA:119,72
DA:122,11
DA:124,21
DA:125,82
DA:126,64
DA:127,25
DA:130,64
DA:131,128
DA:132,72
DA:135,11
DA:136,11
DA:138,11
DA:139,41
DA:141,41
DA:142,25
DA:145,16
DA:146,16
DA:147,16
DA:149,96
DA:150,80
DA:152,80
DA:153,39
DA:156,41
DA:157,41
DA:160,82
DA:161,64
DA:164,128
DA:165,192
DA:166,64
DA:168,384
DA:169,64
DA:170,80
DA:172,16
DA:173,72
DA:176,11
DA:177,11
DA:180,11
DA:182,16
DA:183,7
DA:184,14
DA:185,10
DA:187,14
DA:188,14
DA:189,10
DA:190,7
DA:191,5
DA:192,5
DA:195,9
DA:197,7
DA:200,2
DA:202,4
DA:203,4
DA:204,4
DA:205,2
DA:207,4
DA:208,8
DA:211,4
DA:212,2
DA:214,2
DA:215,2
DA:218,2
DA:221,4
DA:222,8
DA:223,8
DA:224,8
DA:226,16
DA:228,2
DA:229,2
DA:234,14
DA:235,14
DA:238,14
DA:240,28
DA:241,55
DA:242,33
DA:243,20
DA:245,66
DA:248,27
DA:250,1
DA:252,2
DA:253,3
DA:254,3
DA:255,1
DA:257,3
DA:258,6
DA:261,2
DA:262,1
DA:264,1
DA:265,1
DA:268,1
DA:271,2
DA:272,4
DA:273,4
DA:274,4
DA:276,8
DA:278,1
DA:279,1
DA:283,13
DA:284,26
DA:285,20
DA:286,27
DA:288,26
DA:289,16
DA:290,32
DA:291,29
DA:292,58
DA:293,32
DA:296,15
DA:298,13
DA:300,0
DA:301,0
DA:303,0
DA:304,0
DA:305,0
DA:306,0
DA:307,0
DA:309,0
DA:311,0
DA:312,0
DA:315,0
DA:316,0
DA:318,0
DA:319,0
DA:320,0
DA:321,0
DA:324,13
DA:327,13
DA:329,26
DA:331,29
DA:332,58
DA:333,41
DA:334,33
DA:336,82
DA:338,29
DA:340,25
DA:343,4
DA:345,58
DA:348,26
DA:349,29
DA:351,25
DA:352,25
DA:353,25
DA:356,4
DA:357,4
DA:358,4
DA:360,29
DA:361,16
DA:363,11
LH:146
LF:162
end_of_record
SF:src/utils/quadTransmissionModeling/RazoQuadModel.jl
DA:35,0
DA:36,0
DA:37,0
DA:39,0
DA:44,0
DA:45,0
DA:54,0
DA:55,0
DA:66,0
DA:67,0
DA:76,0
DA:77,0
DA:86,0
DA:87,0
DA:88,0
DA:89,0
DA:91,0
DA:92,0
DA:94,0
DA:95,0
DA:97,0
DA:100,0
DA:101,0
DA:109,0
DA:112,0
DA:123,0
DA:133,0
DA:134,0
DA:135,0
DA:143,0
DA:144,0
DA:145,0
DA:149,0
DA:150,0
DA:153,0
DA:154,0
DA:157,0
DA:158,0
DA:267,0
DA:268,0
DA:271,0
DA:272,0
DA:274,0
DA:275,0
DA:278,0
DA:279,0
DA:285,0
DA:286,0
DA:293,0
DA:320,0
DA:321,0
DA:322,0
DA:323,0
DA:324,0
DA:325,0
DA:326,0
DA:328,0
DA:382,0
DA:399,0
DA:400,0
DA:401,0
DA:403,0
DA:404,0
DA:405,0
DA:406,0
DA:407,0
DA:408,0
DA:409,0
DA:410,0
DA:411,0
DA:412,0
DA:413,0
DA:415,0
DA:416,0
DA:417,0
DA:418,0
DA:420,0
DA:421,0
DA:422,0
DA:423,0
DA:424,0
DA:425,0
DA:426,0
DA:427,0
DA:429,0
DA:430,0
DA:431,0
DA:432,0
DA:433,0
DA:434,0
DA:435,0
DA:437,0
DA:438,0
DA:439,0
DA:442,0
DA:443,0
DA:444,0
DA:445,0
DA:446,0
DA:447,0
DA:450,0
DA:452,0
DA:453,0
DA:454,0
DA:456,0
DA:457,0
DA:458,0
DA:460,0
DA:463,0
DA:464,0
DA:465,0
DA:466,0
DA:467,0
DA:468,0
DA:469,0
DA:472,0
DA:473,0
DA:474,0
DA:494,0
DA:507,0
DA:508,0
DA:509,0
DA:510,0
DA:511,0
DA:512,0
DA:513,0
DA:514,0
DA:529,0
DA:535,0
DA:536,0
DA:537,0
DA:538,0
DA:540,0
DA:544,0
DA:549,0
DA:550,0
DA:551,0
DA:552,0
DA:555,0
DA:557,0
DA:558,0
DA:559,0
DA:561,0
DA:562,0
DA:564,0
DA:565,0
DA:567,0
DA:568,0
DA:569,0
LH:0
LF:149
end_of_record
SF:src/utils/quadTransmissionModeling/SplineQuadModel.jl
DA:1,0
DA:8,0
DA:9,0
DA:11,0
DA:12,0
DA:20,0
DA:21,0
DA:29,0
DA:35,0
DA:40,0
DA:42,0
DA:43,0
DA:44,0
DA:45,0
DA:48,0
DA:49,0
DA:51,0
DA:55,0
DA:62,0
DA:64,0
DA:67,0
DA:72,0
DA:76,0
DA:78,0
DA:79,0
DA:80,0
DA:81,0
DA:84,0
DA:85,0
DA:86,0
DA:87,0
DA:91,0
DA:97,0
DA:99,0
DA:101,0
DA:102,0
DA:103,0
DA:104,0
DA:105,0
DA:106,0
DA:107,0
DA:108,0
DA:109,0
DA:110,0
DA:111,0
DA:112,0
DA:113,0
DA:116,0
LH:0
LF:48
end_of_record
SF:src/utils/quadTransmissionModeling/SquareQuadModel.jl
DA:2,2
DA:12,0
DA:13,0
DA:20,0
DA:21,0
DA:25,0
DA:26,0
DA:29,0
DA:30,0
DA:33,0
DA:34,0
DA:35,0
DA:36,0
DA:37,0
DA:39,0
LH:1
LF:15
end_of_record
SF:src/utils/quadTransmissionModeling/binIsotopeRatioData.jl
DA:1,0
DA:6,0
DA:7,0
DA:8,0
DA:9,0
DA:11,0
DA:15,0
DA:17,0
DA:18,0
DA:20,0
DA:22,0
DA:24,0
DA:27,0
DA:32,0
DA:33,0
DA:34,0
DA:35,0
DA:37,0
DA:41,0
DA:43,0
DA:44,0
DA:46,0
DA:48,0
DA:50,0
DA:53,0
DA:59,0
DA:61,0
DA:64,0
DA:65,0
DA:67,0
DA:70,0
DA:83,0
DA:84,0
DA:87,0
DA:88,0
DA:92,0
DA:93,0
DA:94,0
DA:95,0
DA:96,0
DA:99,0
DA:100,0
DA:101,0
DA:102,0
DA:103,0
DA:105,0
DA:108,0
DA:109,0
DA:111,0
DA:113,0
DA:117,0
DA:126,0
DA:128,0
DA:130,0
DA:132,0
DA:137,0
DA:138,0
DA:141,0
DA:144,0
DA:146,0
DA:147,0
DA:149,0
DA:150,0
DA:155,0
DA:156,0
DA:157,0
DA:158,0
DA:163,0
DA:164,0
DA:165,0
DA:166,0
DA:167,0
DA:168,0
DA:171,0
DA:172,0
DA:173,0
DA:174,0
DA:177,0
DA:178,0
DA:179,0
DA:180,0
DA:181,0
DA:182,0
DA:183,0
DA:185,0
DA:190,0
DA:191,0
DA:193,0
DA:194,0
DA:195,0
DA:205,0
DA:206,0
DA:233,0
DA:235,0
DA:238,0
DA:241,0
DA:242,0
DA:243,0
DA:246,0
DA:250,0
DA:251,0
DA:252,0
LH:0
LF:102
end_of_record
SF:src/utils/quadTransmissionModeling/generalGaussModel.jl
DA:2,82550
DA:7,253284
DA:8,253291
DA:9,253288
DA:15,4
DA:20,82625
DA:27,0
DA:28,0
DA:31,127158
DA:32,127105
DA:35,127063
DA:36,126989
DA:40,253191
DA:41,253191
DA:44,82630
DA:45,82642
DA:46,82639
LH:15
LF:17
end_of_record
SF:src/utils/quadTransmissionModeling/noQuadModel.jl
DA:14,0
DA:15,0
DA:22,0
DA:23,0
DA:27,0
DA:28,0
DA:31,0
DA:32,0
DA:35,0
DA:36,0
LH:0
LF:10
end_of_record
SF:src/utils/quadTransmissionModeling/quadTransmissionModel.jl
LH:0
LF:0
end_of_record
SF:src/utils/safeFileOps.jl
DA:21,2
DA:23,1
DA:25,1
DA:27,0
DA:28,0
DA:31,0
DA:32,0
DA:33,0
DA:35,0
DA:36,0
DA:38,0
DA:40,0
DA:41,0
DA:42,0
DA:45,0
DA:46,0
DA:47,0
DA:48,0
DA:49,0
DA:51,0
DA:56,0
DA:59,0
DA:62,1
DA:63,1
DA:66,1
LH:6
LF:25
end_of_record
SF:src/utils/test.jl
DA:159,0
DA:162,0
DA:163,0
DA:165,0
DA:166,0
DA:167,0
DA:169,0
DA:170,0
DA:172,0
DA:176,0
DA:177,0
DA:178,0
DA:179,0
DA:182,0
DA:184,0
DA:185,0
DA:186,0
DA:187,0
DA:190,0
DA:191,0
DA:192,0
DA:195,0
DA:196,0
DA:198,0
DA:199,0
DA:201,0
DA:202,0
DA:205,0
DA:206,0
DA:207,0
DA:209,0
DA:210,0
DA:212,0
DA:213,0
DA:216,0
DA:217,0
DA:220,0
DA:221,0
DA:224,0
DA:225,0
DA:226,0
DA:228,0
DA:229,0
DA:230,0
DA:232,0
DA:233,0
DA:236,0
DA:239,0
DA:241,0
DA:242,0
DA:243,0
DA:244,0
DA:246,0
DA:247,0
DA:248,0
DA:249,0
DA:250,0
DA:251,0
DA:254,0
DA:256,0
DA:259,0
DA:261,0
DA:262,0
DA:263,0
DA:265,0
DA:266,0
DA:269,0
DA:270,0
DA:272,0
DA:273,0
DA:276,0
DA:277,0
DA:278,0
DA:284,0
DA:286,0
DA:287,0
DA:292,0
DA:293,0
DA:296,0
DA:298,0
DA:299,0
DA:300,0
DA:301,0
DA:303,0
DA:306,0
DA:308,0
DA:310,0
DA:311,0
DA:312,0
DA:314,0
DA:315,0
DA:318,0
DA:319,0
DA:321,0
DA:322,0
DA:325,0
DA:326,0
DA:327,0
DA:333,0
DA:335,0
DA:336,0
DA:340,0
DA:341,0
DA:342,0
DA:343,0
DA:345,0
DA:346,0
DA:347,0
DA:348,0
DA:349,0
DA:350,0
DA:353,0
DA:355,0
DA:357,0
DA:358,0
DA:360,0
DA:361,0
DA:362,0
DA:363,0
DA:364,0
DA:366,0
DA:368,0
DA:369,0
DA:372,0
DA:373,0
DA:375,0
DA:376,0
DA:377,0
DA:378,0
DA:381,0
DA:384,0
DA:386,0
DA:388,0
DA:389,0
DA:390,0
DA:391,0
DA:393,0
DA:395,0
DA:397,0
DA:400,0
DA:402,0
DA:405,0
DA:406,0
DA:408,0
DA:409,0
DA:416,0
DA:417,0
DA:423,0
DA:424,0
DA:426,0
LH:0
LF:150
end_of_record
SF:src/utils/writeArrow.jl
DA:17,5
DA:18,5
DA:19,5
DA:21,0
DA:24,0
DA:27,0
DA:28,0
DA:29,0
DA:30,0
DA:32,0
DA:35,0
DA:36,0
DA:38,0
DA:40,0
DA:41,0
DA:44,0
DA:45,0
DA:46,0
DA:48,0
DA:53,0
DA:56,0
DA:60,0
DA:61,0
DA:64,0
DA:65,0
DA:66,0
DA:68,0
DA:73,5
DA:75,5
LH:5
LF:29
end_of_record
